background
-0007 | 2007_008260
-0025 | 2009_001215
-0486 | 2007_002539
-2514 | 2010_004951
-2956 | 2008_005145
-5396 | 2009_002732
-5463 | 2007_007498
-9815 | 2009_003523
-10848 | 2009_000839
-11622 | 2011_002343
-11718 | 2011_000661
-14563 | 2010_000159
-15321 | 2007_007417
-16364 | 2007_007810
-16645 | 2008_008051
-19275 | 2008_001895
-19980 | 2011_002685
-23075 | 2010_001376
-24465 | 2007_001763
-24835 | 2007_004468
-25161 | 2007_003742
-25217 | 2011_001775
-25385 | 2008_005097
-26305 | 2010_002512
-28051 | 2010_004369
-28728 | 2010_001000
-29005 | 2008_000673
-30212 | 2009_000731
-31763 | 2008_003874
-31936 | 2011_003182
-32256 | 2009_003003
-32259 | 2008_000763
-32992 | 2008_005399
-33154 | 2011_001276
-33427 | 2010_001327
-33646 | 2010_005899
-33850 | 2007_009413
-35930 | 2011_003197
-36015 | 2010_003381
-37260 | 2011_001071
-38101 | 2008_003330
-38780 | 2009_002185
-39010 | 2007_001526
-39811 | 2007_000323
-39822 | 2010_001579
-40746 | 2009_005148
-42706 | 2007_005173
-43952 | 2007_000663
-43998 | 2007_003848
-44510 | 2010_000216
-45017 | 2007_009096
-45259 | 2008_005915
-45339 | 2008_000573
-45626 | 2009_002649
-46169 | 2010_002228
-46348 | 2007_003101
-46381 | 2009_000487
-46543 | 2008_003108
-46607 | 2008_003577
-46869 | 2008_008393
-46898 | 2010_000160
-47004 | 2008_003777
-47673 | 2008_000359
-47777 | 2010_005709
-47940 | 2011_002641
-48448 | 2007_003841
-49110 | 2009_004859
-49167 | 2011_002121
-49392 | 2011_001722
-49530 | 2009_003059
-49847 | 2010_000683
-50310 | 2010_000426
-50550 | 2011_000066
-50755 | 2010_004772
-50828 | 2010_004219
-50860 | 2007_002427
-51616 | 2007_002400
-51753 | 2010_004348
-51980 | 2010_004763
-53479 | 2008_001439
-53553 | 2011_000070
-54382 | 2007_004033
-54389 | 2007_000129
-54445 | 2010_001451
-54837 | 2010_001553
-55009 | 2009_001082
-55211 | 2011_002247
-55221 | 2009_002238
-55248 | 2007_008802
-55567 | 2007_002824
-56160 | 2008_008469
-56192 | 2009_004072
-56265 | 2010_000330
-56667 | 2010_001403
-57660 | 2011_000526
-57964 | 2010_004828
-58014 | 2007_007109
-58145 | 2010_005021
-58152 | 2010_003746
-58246 | 2011_002200
-58512 | 2008_007219
-58534 | 2011_003030
-59083 | 2008_007994
-60062 | 2007_006560
-60216 | 2011_001714
-60652 | 2011_002578
-61047 | 2009_002372
-61338 | 2010_004479
-61345 | 2011_002589
-61810 | 2011_000479
-62047 | 2009_002415
-62065 | 2009_004789
-62086 | 2008_002240
-62406 | 2008_004140
-62638 | 2010_002929
-62829 | 2008_000666
-62849 | 2010_002137
-63101 | 2011_001447
-63124 | 2010_005991
-63203 | 2010_002939
-63502 | 2010_002480
-63761 | 2011_000780
-63851 | 2007_000042
-63853 | 2011_002178
-64212 | 2010_000552
-64426 | 2010_000904
-64693 | 2008_001992
-64769 | 2010_003453
-64786 | 2011_000185
-64972 | 2008_004575
-65151 | 2007_008964
-65265 | 2009_001818
-65566 | 2007_002903
-65800 | 2010_005187
-65954 | 2008_000795
-66211 | 2007_006864
-66280 | 2011_001745
-66686 | 2007_000491
-66865 | 2007_007688
-66932 | 2007_007007
-67211 | 2010_002868
-67222 | 2009_004497
-67461 | 2010_003854
-67462 | 2011_001069
-67745 | 2008_006523
-68229 | 2011_003240
-68486 | 2011_000830
-68955 | 2010_002900
-68970 | 2011_002498
-69046 | 2007_002445
-69134 | 2008_008434
-69210 | 2008_008335
-69373 | 2007_009687
-69419 | 2007_009655
-69423 | 2010_005046
-69501 | 2007_001321
-70131 | 2008_004175
-70138 | 2007_009592
-70394 | 2008_003733
-70462 | 2010_000764
-70722 | 2007_005911
-70875 | 2007_007493
-70926 | 2010_001646
-71172 | 2007_003201
-71231 | 2007_006698
-71527 | 2010_003123
-71563 | 2010_005159
-71604 | 2010_005508
-71707 | 2010_001962
-72109 | 2010_001024
-72132 | 2011_000054
-72134 | 2008_006327
-72207 | 2009_000771
-72335 | 2008_006722
-72422 | 2008_000234
-72456 | 2011_000843
-72611 | 2008_003477
-72817 | 2007_000762
-73020 | 2008_003210
-73078 | 2007_005626
-73178 | 2009_003549
-73489 | 2008_002864
-73849 | 2007_005689
-74034 | 2007_006802
-74106 | 2010_002361
-74139 | 2010_002348
-74159 | 2010_000874
-74299 | 2009_003071
-74464 | 2011_000178
-74561 | 2009_003773
-74643 | 2008_000270
-74683 | 2009_001854
-74690 | 2011_000900
-74690 | 2009_001255
-74767 | 2010_001351
-75007 | 2009_002221
-75037 | 2008_006480
-75049 | 2007_007651
-75061 | 2007_004902
-75227 | 2007_009794
-75261 | 2010_004322
-75343 | 2010_005108
-75439 | 2008_006130
-75982 | 2007_008547
-76052 | 2007_009654
-76096 | 2009_004579
-76280 | 2007_006117
-76407 | 2010_002623
-76456 | 2007_002728
-76480 | 2007_006647
-76619 | 2010_000559
-77248 | 2011_002812
-77568 | 2008_004701
-77602 | 2007_000629
-77752 | 2008_006408
-77826 | 2010_005606
-77831 | 2008_005242
-77953 | 2007_003169
-78030 | 2007_008944
-78517 | 2009_005038
-78704 | 2010_003468
-79000 | 2010_003597
-79280 | 2008_008362
-79345 | 2009_002887
-79389 | 2011_001232
-79471 | 2009_000732
-79806 | 2010_002106
-79874 | 2007_007534
-80389 | 2008_006063
-80391 | 2007_005304
-80659 | 2009_004248
-80690 | 2009_002346
-80697 | 2011_002358
-81079 | 2010_003325
-81260 | 2011_000789
-81428 | 2008_008221
-81458 | 2011_000455
-81622 | 2008_002958
-81754 | 2011_000566
-81848 | 2010_002902
-81967 | 2011_000953
-82099 | 2008_001283
-82109 | 2007_001408
-82303 | 2010_001767
-82792 | 2008_003546
-83451 | 2010_000724
-83679 | 2011_001665
-83695 | 2007_009258
-83967 | 2010_001264
-84015 | 2008_002464
-84090 | 2009_004021
-84310 | 2010_003014
-84343 | 2007_007996
-84387 | 2009_001663
-84928 | 2007_003143
-85013 | 2011_002110
-85315 | 2010_000372
-85458 | 2007_004380
-85697 | 2011_000438
-85804 | 2011_002317
-85871 | 2010_005166
-85878 | 2011_002279
-85893 | 2008_003238
-86321 | 2010_001692
-86381 | 2008_004854
-86532 | 2010_005626
-86621 | 2008_007402
-86632 | 2009_002749
-86689 | 2008_003141
-86793 | 2009_004721
-86807 | 2009_002562
-87024 | 2010_001367
-87263 | 2010_004757
-87413 | 2011_001434
-87499 | 2008_001966
-87642 | 2010_000682
-87704 | 2010_000110
-87756 | 2008_003856
-87761 | 2010_005284
-87804 | 2007_004405
-87876 | 2007_001284
-88215 | 2009_003241
-88411 | 2008_007737
-88449 | 2010_001124
-88503 | 2011_000548
-88570 | 2008_004069
-88655 | 2007_006241
-88785 | 2007_007881
-88963 | 2010_005432
-89058 | 2011_000435
-89442 | 2009_003607
-89450 | 2008_002942
-89500 | 2009_003304
-89501 | 2010_004856
-89508 | 2007_005845
-89616 | 2011_001988
-89814 | 2008_004367
-89874 | 2011_000482
-90016 | 2008_006526
-90094 | 2009_000354
-90563 | 2009_004099
-90720 | 2010_005719
-90809 | 2008_003333
-90964 | 2007_009764
-91050 | 2010_002546
-91304 | 2011_001607
-91321 | 2011_001567
-91383 | 2010_002161
-91528 | 2011_001597
-91656 | 2011_001341
-91763 | 2007_005696
-91929 | 2008_007945
-91968 | 2008_002775
-91994 | 2008_005812
-92074 | 2007_004856
-92075 | 2009_000121
-92086 | 2008_008421
-92106 | 2010_004472
-92259 | 2007_000999
-92262 | 2009_002568
-92334 | 2011_001005
-92502 | 2011_000283
-92522 | 2010_000814
-92541 | 2011_003055
-92620 | 2010_004320
-92624 | 2010_001956
-92624 | 2010_003675
-92917 | 2010_003293
-93176 | 2007_008430
-93308 | 2010_001251
-93346 | 2007_006260
-93368 | 2011_003256
-93452 | 2007_003373
-93499 | 2008_004704
-93521 | 2009_000335
-93654 | 2011_003271
-93898 | 2008_006874
-93988 | 2008_000215
-94109 | 2009_003406
-94281 | 2008_002379
-94336 | 2008_004101
-94478 | 2007_006364
-94755 | 2008_005245
-94962 | 2009_002291
-95041 | 2009_004507
-95159 | 2010_005344
-95207 | 2008_006254
-95362 | 2010_002390
-95384 | 2010_005401
-95527 | 2007_005469
-95667 | 2008_003461
-95825 | 2011_002592
-96090 | 2007_009562
-96092 | 2007_005149
-96188 | 2009_000825
-96200 | 2009_000219
-96805 | 2008_001013
-96818 | 2008_004453
-96992 | 2008_006275
-97035 | 2010_002271
-97259 | 2008_002205
-97394 | 2009_000426
-97398 | 2010_000256
-97671 | 2009_004594
-97756 | 2009_004590
-97785 | 2011_001863
-98091 | 2010_000422
-98163 | 2007_004112
-98301 | 2009_003387
-98594 | 2010_005644
-98861 | 2008_000213
-98975 | 2011_002075
-99037 | 2010_005582
-99135 | 2011_000638
-99167 | 2007_009084
-99175 | 2007_009252
-99491 | 2009_001333
-99525 | 2008_007797
-99815 | 2010_002792
-99865 | 2008_006108
-99868 | 2011_002308
-99935 | 2011_003114
-99993 | 2008_005338
-100114 | 2008_002043
-100174 | 2009_003756
-100219 | 2008_004610
-100264 | 2009_000012
-100310 | 2010_000087
-100432 | 2011_000813
-100518 | 2009_002808
-100638 | 2010_003365
-100638 | 2009_005220
-100796 | 2008_005217
-100820 | 2007_004712
-101540 | 2007_000175
-101782 | 2011_003146
-101839 | 2007_006680
-101840 | 2007_009691
-101856 | 2009_000074
-101867 | 2007_003499
-102076 | 2011_002327
-102209 | 2010_003402
-102212 | 2007_002565
-102376 | 2008_000782
-102537 | 2007_005460
-102686 | 2009_001535
-102729 | 2007_006171
-102937 | 2007_007196
-103018 | 2011_001292
-103168 | 2009_000412
-103224 | 2010_001292
-103340 | 2009_003273
-103354 | 2009_003703
-103415 | 2009_004867
-103441 | 2010_000174
-103441 | 2011_001614
-103598 | 2010_003276
-103816 | 2007_001430
-103930 | 2007_002426
-104015 | 2009_000523
-104113 | 2009_004748
-104169 | 2011_001868
-104276 | 2010_004697
-104425 | 2008_007194
-104657 | 2010_000163
-104777 | 2010_003187
-104843 | 2008_002680
-104887 | 2008_007507
-104891 | 2010_004520
-104912 | 2011_000888
-104975 | 2007_003134
-104977 | 2009_001941
-105002 | 2010_002691
-105017 | 2010_000941
-105226 | 2010_002025
-105318 | 2009_002571
-105418 | 2010_003239
-105437 | 2010_000272
-105516 | 2010_004104
-105550 | 2008_002383
-105709 | 2010_002763
-105711 | 2007_002378
-105737 | 2010_003971
-105871 | 2010_000639
-105872 | 2007_003137
-105924 | 2009_000704
-106104 | 2010_005992
-106298 | 2008_000016
-106501 | 2008_000120
-106686 | 2009_001299
-106818 | 2007_005331
-106848 | 2009_003542
-106850 | 2011_000512
-106871 | 2010_005174
-106952 | 2007_001761
-106977 | 2008_000602
-106993 | 2008_008252
-107035 | 2010_001534
-107206 | 2010_005501
-107288 | 2008_000811
-107325 | 2008_000919
-107366 | 2010_002336
-107741 | 2008_005904
-107792 | 2010_000573
-107985 | 2007_002268
-108532 | 2010_001656
-108715 | 2008_004345
-109006 | 2008_003492
-109072 | 2007_006841
-109174 | 2007_000123
-109175 | 2010_004941
-109218 | 2007_001311
-109273 | 2011_000226
-109316 | 2010_005871
-109349 | 2010_004149
-109357 | 2011_001060
-109608 | 2008_003499
-109629 | 2010_003532
-109667 | 2010_001752
-109896 | 2009_004043
-109966 | 2008_007350
-110186 | 2010_003132
-110334 | 2008_000731
-110367 | 2011_000248
-110517 | 2008_004705
-110527 | 2011_002322
-110539 | 2007_001568
-110604 | 2009_004298
-110880 | 2008_000075
-110965 | 2008_008301
-111015 | 2008_005439
-111137 | 2009_002990
-111205 | 2007_002852
-111279 | 2008_007811
-111328 | 2007_009088
-111617 | 2007_003917
-111819 | 2010_005206
-111861 | 2008_000233
-111917 | 2008_003034
-112033 | 2008_003511
-112052 | 2007_001630
-112140 | 2007_007195
-112327 | 2010_003764
-112350 | 2009_002638
-112355 | 2007_005978
-112578 | 2009_003551
-112698 | 2007_006086
-113315 | 2007_007168
-113322 | 2008_003369
-113362 | 2007_007524
-113381 | 2009_002521
-113461 | 2009_001391
-113510 | 2011_000521
-113541 | 2009_000309
-113596 | 2007_003503
-113810 | 2010_003541
-113816 | 2010_004825
-113915 | 2007_009320
-113935 | 2009_003311
-113980 | 2011_002156
-113998 | 2007_001774
-114172 | 2007_000346
-114260 | 2010_001951
-114261 | 2009_002382
-114286 | 2007_003020
-114342 | 2011_002575
-114359 | 2011_000234
-114389 | 2008_003105
-114406 | 2008_000992
-114441 | 2010_001995
-114607 | 2007_009684
-114627 | 2010_004861
-114644 | 2009_003269
-114695 | 2009_003904
-114708 | 2009_004140
-115068 | 2007_000847
-115076 | 2009_001687
-115252 | 2010_001206
-115306 | 2010_000679
-115526 | 2009_002268
-115793 | 2009_004255
-115803 | 2007_002618
-115830 | 2007_003011
-116007 | 2010_004382
-116014 | 2007_003106
-116029 | 2007_007815
-116049 | 2008_005254
-116090 | 2010_003060
-116127 | 2007_005294
-116168 | 2009_004994
-116207 | 2007_002260
-116225 | 2010_000238
-116250 | 2008_000401
-116344 | 2011_001880
-116487 | 2008_001885
-116490 | 2007_007795
-116491 | 2008_007378
-116514 | 2009_004455
-116557 | 2010_005575
-116558 | 2009_002487
-116688 | 2008_001546
-116710 | 2008_007025
-116901 | 2010_000952
-116931 | 2008_006055
-117038 | 2011_001642
-117153 | 2007_006946
-117323 | 2009_005217
-117338 | 2009_002584
-117495 | 2009_003849
-117695 | 2007_008110
-117741 | 2007_006678
-117777 | 2010_003947
-117779 | 2010_004529
-117821 | 2009_002527
-117874 | 2009_001816
-117961 | 2007_004483
-118142 | 2007_004275
-118244 | 2007_003587
-118247 | 2009_002317
-118276 | 2010_005860
-118606 | 2008_002212
-118638 | 2010_001577
-118773 | 2010_003362
-118805 | 2009_003810
-118825 | 2008_002859
-118885 | 2009_003589
-119069 | 2009_000469
-119078 | 2010_002147
-119149 | 2009_004732
-119378 | 2010_003531
-119525 | 2007_003188
-119611 | 2011_001534
-119621 | 2008_002929
-119674 | 2011_000312
-120084 | 2008_003926
-120144 | 2008_002900
-120193 | 2008_004396
-120235 | 2010_000427
-120428 | 2009_003123
-120534 | 2008_000589
-120654 | 2008_006341
-120674 | 2009_002975
-120829 | 2008_000630
-121055 | 2011_001530
-121183 | 2010_005788
-121194 | 2007_005828
-121398 | 2007_002597
-121644 | 2007_003711
-121758 | 2008_003885
-121774 | 2009_002535
-121868 | 2010_000003
-121914 | 2007_000925
-121926 | 2007_000636
-122023 | 2008_006554
-122321 | 2010_005428
-122327 | 2009_003494
-122412 | 2010_006070
-122416 | 2007_005844
-122496 | 2008_001491
-122655 | 2011_000051
-122844 | 2007_009221
-122847 | 2008_005691
-122904 | 2011_001110
-123021 | 2010_004226
-123189 | 2010_003781
-123230 | 2007_008897
-123247 | 2008_001404
-123515 | 2008_003846
-123577 | 2010_003813
-123759 | 2008_000223
-123760 | 2011_002754
-123820 | 2009_003771
-123882 | 2009_003481
-123896 | 2007_005547
-123907 | 2007_007849
-124000 | 2010_002693
-124041 | 2007_004866
-124057 | 2009_002150
-124089 | 2010_005160
-124262 | 2010_004556
-124456 | 2007_003194
-124464 | 2007_005428
-124505 | 2008_003858
-124591 | 2009_001768
-124604 | 2009_003895
-124640 | 2009_003343
-124674 | 2010_005366
-124782 | 2010_001773
-124884 | 2010_004519
-124885 | 2007_006277
-124928 | 2010_004994
-124937 | 2008_001074
-124944 | 2009_002012
-124979 | 2007_003957
-125018 | 2008_000943
-125301 | 2010_003820
-125320 | 2010_004165
-125321 | 2010_004355
-125351 | 2007_004392
-125425 | 2008_004659
-125467 | 2010_001010
-125497 | 2007_001678
-125509 | 2010_002396
-125694 | 2009_003564
-125735 | 2009_004993
-125822 | 2011_001619
-125857 | 2010_002017
-125952 | 2007_008222
-125996 | 2008_003676
-126134 | 2009_000716
-126155 | 2009_002202
-126156 | 2007_002119
-126252 | 2008_002467
-126331 | 2008_000391
-126333 | 2010_002030
-126383 | 2007_001458
-126532 | 2009_003299
-126560 | 2007_004649
-126655 | 2010_005013
-126668 | 2010_004946
-126735 | 2008_000661
-126918 | 2007_005354
-126945 | 2010_002251
-127036 | 2007_003088
-127097 | 2010_004815
-127303 | 2009_000919
-127373 | 2008_000863
-127444 | 2007_005074
-127445 | 2008_001629
-127547 | 2008_005422
-127550 | 2007_002624
-127593 | 2007_006076
-127598 | 2010_004559
-127605 | 2011_000618
-127691 | 2010_001174
-127693 | 2007_003786
-127751 | 2007_003506
-127755 | 2007_000799
-128012 | 2010_005118
-128052 | 2009_002265
-128100 | 2008_003110
-128269 | 2007_009446
-128297 | 2009_000845
-128692 | 2011_003011
-128693 | 2007_006348
-128839 | 2009_003433
-128935 | 2009_001804
-128938 | 2009_003507
-129048 | 2007_001423
-129054 | 2007_002470
-129379 | 2008_003076
-129404 | 2011_000598
-129679 | 2007_005608
-129706 | 2008_008629
-129765 | 2011_002532
-129766 | 2008_005445
-129916 | 2008_002536
-129973 | 2010_002682
-129976 | 2007_007836
-129991 | 2010_000666
-130142 | 2007_002046
-130319 | 2007_007624
-130367 | 2010_002422
-130613 | 2009_004738
-130657 | 2007_009245
-130671 | 2009_000418
-130759 | 2009_002539
-130776 | 2008_005680
-130791 | 2008_001504
-130828 | 2008_001821
-130957 | 2008_005633
-130992 | 2007_006035
-131237 | 2007_003530
-131284 | 2011_002064
-131341 | 2009_000457
-131393 | 2009_000032
-131449 | 2008_004612
-131535 | 2009_001565
-131573 | 2008_003270
-131579 | 2008_000345
-131849 | 2007_007235
-131977 | 2009_000712
-132058 | 2007_008204
-132079 | 2010_003302
-132166 | 2007_002719
-132261 | 2008_007804
-132276 | 2009_000730
-132281 | 2008_003576
-132499 | 2008_006752
-132550 | 2007_006449
-132622 | 2007_002619
-132645 | 2010_004662
-132708 | 2010_000284
-132815 | 2011_001064
-132880 | 2009_000149
-132916 | 2009_000013
-132916 | 2010_005664
-133002 | 2011_002298
-133026 | 2011_001674
-133062 | 2009_000242
-133101 | 2009_003466
-133116 | 2007_000187
-133209 | 2007_000804
-133234 | 2009_002122
-133254 | 2008_001249
-133284 | 2007_003349
-133304 | 2009_001505
-133379 | 2011_000874
-133392 | 2007_005509
-133549 | 2008_003709
-133658 | 2007_002376
-133679 | 2007_000837
-133930 | 2009_004895
-133996 | 2011_002713
-133998 | 2010_002921
-134007 | 2008_001308
-134065 | 2007_000332
-134157 | 2008_006986
-134205 | 2011_001287
-134410 | 2010_001331
-134422 | 2009_001718
-134504 | 2011_001984
-134507 | 2009_000387
-134524 | 2008_002358
-134575 | 2010_004980
-134590 | 2008_004172
-134618 | 2008_000657
-134764 | 2010_001830
-134869 | 2011_000239
-135065 | 2011_000809
-135154 | 2009_003504
-135173 | 2007_004281
-135198 | 2011_000173
-135209 | 2008_000662
-135229 | 2010_003473
-135407 | 2009_004987
-135482 | 2010_002146
-135492 | 2009_000391
-135558 | 2009_002164
-135645 | 2009_002618
-135648 | 2010_003758
-135681 | 2008_000149
-135807 | 2011_002975
-136005 | 2011_001713
-136124 | 2011_000412
-136125 | 2008_001531
-136143 | 2008_005105
-136172 | 2011_002885
-136445 | 2008_002936
-136488 | 2009_000727
-136555 | 2009_003105
-136642 | 2007_004510
-136663 | 2007_000559
-136678 | 2009_001775
-136750 | 2007_009015
-136970 | 2009_004687
-137019 | 2007_000529
-137020 | 2008_005727
-137033 | 2011_002098
-137124 | 2011_003019
-137141 | 2010_000907
-137216 | 2011_001416
-137274 | 2007_009756
-137599 | 2007_006046
-137694 | 2010_004120
-137709 | 2008_004654
-137792 | 2009_002982
-137837 | 2008_003821
-137948 | 2011_000969
-137987 | 2010_003495
-138003 | 2007_009068
-138012 | 2007_001677
-138051 | 2009_000723
-138094 | 2008_005197
-138110 | 2007_008815
-138123 | 2009_002549
-138158 | 2007_007203
-138218 | 2009_002856
-138232 | 2007_004241
-138270 | 2007_001175
-138332 | 2009_005302
-138348 | 2007_004538
-138390 | 2009_003696
-138404 | 2008_003379
-138477 | 2011_001407
-138480 | 2009_002155
-138597 | 2007_007748
-138610 | 2009_003666
-138638 | 2007_003861
-138704 | 2007_001239
-138734 | 2010_005305
-138744 | 2007_005114
-138774 | 2010_003506
-138937 | 2007_008670
-139116 | 2011_002644
-139163 | 2008_006553
-139239 | 2007_003051
-139341 | 2010_003768
-139356 | 2007_003022
-139510 | 2007_000676
-139656 | 2010_003716
-139749 | 2008_002269
-139751 | 2009_004799
-139761 | 2010_000241
-139840 | 2011_001489
-139858 | 2008_002504
-139939 | 2010_005433
-139956 | 2010_001016
-139979 | 2009_003576
-140488 | 2009_001332
-140515 | 2007_004052
-140532 | 2009_002239
-140571 | 2007_008973
-140712 | 2008_006008
-140813 | 2009_003217
-141217 | 2010_005762
-141226 | 2008_007120
-141271 | 2009_002888
-141301 | 2011_001281
-141366 | 2009_004504
-141490 | 2007_008747
-141549 | 2011_002929
-141555 | 2007_009251
-141583 | 2009_003517
-141714 | 2010_001699
-141774 | 2009_000201
-141781 | 2008_005637
-141794 | 2009_000998
-141857 | 2008_003876
-142031 | 2010_004783
-142122 | 2008_002152
-142229 | 2008_002495
-142256 | 2007_001717
-142326 | 2007_001288
-142330 | 2009_003991
-142424 | 2008_006229
-142479 | 2008_004279
-142535 | 2007_003991
-142573 | 2009_003005
-142593 | 2009_000828
-142703 | 2011_000585
-142747 | 2007_004644
-142793 | 2008_005089
-142890 | 2007_002094
-142981 | 2008_000239
-143084 | 2011_002623
-143116 | 2007_009841
-143231 | 2010_000738
-143255 | 2010_001079
-143407 | 2011_002675
-143496 | 2007_004143
-143568 | 2007_006866
-143575 | 2009_001684
-143599 | 2009_003806
-143644 | 2009_001991
-143844 | 2008_000464
-143868 | 2007_000033
-143912 | 2007_003195
-143939 | 2007_008708
-143993 | 2009_001411
-144013 | 2008_007677
-144113 | 2010_000318
-144294 | 2008_006325
-144346 | 2007_009897
-144352 | 2010_005718
-144360 | 2007_002648
-144376 | 2007_002284
-144379 | 2008_005738
-144553 | 2007_004121
-145045 | 2008_008103
-145095 | 2008_003976
-145137 | 2009_003804
-145152 | 2007_006553
-145302 | 2008_001433
-145310 | 2010_004789
-145310 | 2007_001289
-145343 | 2008_001078
-145537 | 2007_000572
-145563 | 2008_001715
-145657 | 2010_005252
-145710 | 2009_001008
-145809 | 2009_001850
-145856 | 2007_004189
-145944 | 2009_001536
-145990 | 2010_005534
-146010 | 2008_005544
-146095 | 2010_001256
-146099 | 2007_007470
-146125 | 2011_001793
-146287 | 2008_002588
-146364 | 2008_007828
-146391 | 2008_004754
-146478 | 2007_002266
-146541 | 2011_002371
-146582 | 2010_000788
-146595 | 2009_000924
-146761 | 2009_000991
-146923 | 2010_001557
-146944 | 2007_009750
-146973 | 2008_006835
-147127 | 2007_005296
-147212 | 2009_001607
-147267 | 2007_009392
-147277 | 2009_000096
-147458 | 2008_008746
-147491 | 2008_007814
-147565 | 2009_003224
-147580 | 2008_000271
-147602 | 2010_001522
-147615 | 2009_004592
-147810 | 2008_004552
-147843 | 2007_008596
-147979 | 2007_005281
-147985 | 2009_004568
-148184 | 2009_000892
-148191 | 2007_004190
-148204 | 2010_002988
-148220 | 2009_003903
-148312 | 2009_001851
-148371 | 2009_002753
-148474 | 2011_002040
-148482 | 2010_000572
-148495 | 2008_001260
-148522 | 2008_003451
-148681 | 2010_005063
-148825 | 2010_004042
-148836 | 2008_003155
-149049 | 2009_005189
-149074 | 2007_008543
-149077 | 2008_002778
-149120 | 2010_006034
-149162 | 2009_005219
-149334 | 2007_000452
-149354 | 2010_000530
-149373 | 2009_002928
-149379 | 2009_001731
-149406 | 2007_002823
-149427 | 2007_007414
-149435 | 2007_009923
-149441 | 2008_002904
-149499 | 2007_001299
-149530 | 2009_005158
-149633 | 2008_004758
-149634 | 2007_008051
-149720 | 2008_008711
-149774 | 2007_004558
-149841 | 2011_002041
-149863 | 2009_000573
-149870 | 2009_000039
-149934 | 2010_001913
-150148 | 2009_000488
-150169 | 2008_007513
-150186 | 2010_004041
-150439 | 2009_005078
-150598 | 2007_009817
-150639 | 2010_003514
-150656 | 2011_003003
-150774 | 2007_000061
-150811 | 2008_000510
-150872 | 2007_005813
-150880 | 2011_000238
-150994 | 2010_002232
-151036 | 2008_001874
-151102 | 2007_008415
-151132 | 2007_001594
-151245 | 2008_004995
-151253 | 2007_009346
-151283 | 2008_000725
-151492 | 2008_005628
-151920 | 2009_001433
-151979 | 2011_000503
-151985 | 2011_001114
-152044 | 2011_002391
-152114 | 2008_001170
-152544 | 2010_003168
-152551 | 2008_001379
-152553 | 2007_001586
-152597 | 2008_002239
-152620 | 2009_004886
-152646 | 2010_004419
-152654 | 2011_003103
-152661 | 2009_002573
-152664 | 2008_004562
-152867 | 2008_004621
-152896 | 2009_003971
-153010 | 2008_007527
-153015 | 2010_004056
-153292 | 2009_004969
-153366 | 2009_002390
-153399 | 2007_003621
-153470 | 2008_005525
-153589 | 2010_001149
-153599 | 2011_000536
-153621 | 2010_001851
-153687 | 2007_003571
-153728 | 2007_009331
-153812 | 2008_004624
-153881 | 2010_003772
-154056 | 2008_002681
-154124 | 2010_001908
-154647 | 2008_006703
-154719 | 2009_003193
-154796 | 2008_003782
-154817 | 2009_000446
-154924 | 2008_003026
-154938 | 2009_004942
-155177 | 2009_003938
-155196 | 2008_006216
-155213 | 2009_000675
-155241 | 2008_001580
-155290 | 2007_007211
-155365 | 2008_003135
-155382 | 2009_001765
-155524 | 2007_004722
-155565 | 2009_002097
-155566 | 2007_009706
-155595 | 2008_001640
-155664 | 2011_001047
-155786 | 2008_003886
-155864 | 2009_003080
-155869 | 2009_002165
-155951 | 2009_002727
-156001 | 2011_002535
-156025 | 2011_001862
-156097 | 2009_002042
-156123 | 2011_001346
-156139 | 2007_006837
-156194 | 2008_001231
-156236 | 2008_000107
-156255 | 2007_008084
-156445 | 2011_000045
-156448 | 2007_007341
-156466 | 2009_000136
-156493 | 2011_002515
-156499 | 2008_007273
-156553 | 2009_001644
-156687 | 2009_002366
-156800 | 2010_003207
-156878 | 2009_000664
-157072 | 2009_005190
-157102 | 2008_004399
-157124 | 2008_007498
-157151 | 2007_009419
-157157 | 2010_006054
-157157 | 2011_000456
-157212 | 2011_002124
-157245 | 2008_005642
-157258 | 2011_001589
-157273 | 2010_000342
-157382 | 2009_001160
-157436 | 2010_004635
-157468 | 2010_002536
-157468 | 2010_004314
-157508 | 2009_000641
-157651 | 2009_000156
-158003 | 2007_001955
-158039 | 2009_004217
-158074 | 2010_005727
-158121 | 2007_005600
-158336 | 2008_001513
-158340 | 2009_002320
-158358 | 2010_005496
-158394 | 2011_001263
-158464 | 2009_001278
-158476 | 2010_000083
-158504 | 2007_003682
-158506 | 2007_008106
-158720 | 2008_001971
-158740 | 2009_004848
-158788 | 2009_002651
-158906 | 2011_002997
-158907 | 2010_001448
-158974 | 2008_008392
-158985 | 2011_001794
-159045 | 2010_002150
-159054 | 2010_003547
-159067 | 2008_000123
-159252 | 2008_002623
-159527 | 2009_002094
-159596 | 2007_009938
-159673 | 2007_001457
-159701 | 2008_007596
-159704 | 2008_007031
-159745 | 2010_001768
-159824 | 2007_000830
-159873 | 2008_004339
-159966 | 2007_008645
-159990 | 2010_003446
-160065 | 2011_002002
-160529 | 2009_005262
-160568 | 2009_003707
-160608 | 2007_000727
-160610 | 2009_004801
-160761 | 2007_000783
-160802 | 2011_000669
-160877 | 2011_003205
-160942 | 2011_001613
-161036 | 2007_009521
-161076 | 2008_000073
-161079 | 2007_008722
-161106 | 2010_001011
-161115 | 2009_003498
-161302 | 2009_002295
-161303 | 2007_006444
-161438 | 2008_002835
-161475 | 2008_007548
-161646 | 2009_000205
-161658 | 2008_006528
-161692 | 2008_008268
-161706 | 2010_006026
-161907 | 2009_004033
-162023 | 2009_000440
-162144 | 2007_003131
-162169 | 2008_000533
-162190 | 2007_002643
-162231 | 2008_000469
-162265 | 2011_001812
-162283 | 2011_000481
-162355 | 2007_008374
-162414 | 2011_001708
-162460 | 2010_000622
-162506 | 2010_001151
-162598 | 2008_002273
-162730 | 2008_004363
-162801 | 2011_002295
-162815 | 2011_000338
-162928 | 2009_002604
-163005 | 2007_003367
-163205 | 2010_001104
-163207 | 2011_002662
-163332 | 2008_000254
-163651 | 2008_001040
-163691 | 2008_000848
-163788 | 2009_000080
-163804 | 2008_001076
-163998 | 2011_001082
-164025 | 2011_000747
-164038 | 2010_003912
-164043 | 2011_002879
-164161 | 2007_006373
-164202 | 2007_001585
-164255 | 2008_007392
-164317 | 2010_000906
-164406 | 2010_005706
-164446 | 2010_003956
-164476 | 2010_000929
-164551 | 2007_001154
-164588 | 2007_005705
-164614 | 2011_001748
-164641 | 2008_004212
-164660 | 2011_001014
-164663 | 2009_000879
-164718 | 2010_004857
-164760 | 2008_006219
-164942 | 2009_003196
-164974 | 2008_007048
-164998 | 2010_005180
-165047 | 2008_000080
-165060 | 2010_000335
-165072 | 2009_004882
-165079 | 2007_008256
-165108 | 2009_003569
-165164 | 2010_003771
-165188 | 2009_000931
-165219 | 2009_004125
-165334 | 2007_005803
-165407 | 2008_001688
-165432 | 2009_000628
-165440 | 2009_002082
-165461 | 2008_006159
-165482 | 2009_005137
-165532 | 2010_004550
-165713 | 2011_001190
-165718 | 2008_005049
-165721 | 2007_003110
-165825 | 2009_004324
-165849 | 2010_004208
-165953 | 2008_004477
-165962 | 2010_001061
-166123 | 2008_001478
-166219 | 2010_001734
-166404 | 2008_000700
-166442 | 2011_002509
-166552 | 2009_001683
-166569 | 2011_001546
-166581 | 2011_001159
-166658 | 2007_007165
-166685 | 2009_003858
-166927 | 2007_000661
-166955 | 2009_003065
-166992 | 2008_000765
-167082 | 2007_007084
-167089 | 2009_003043
-167096 | 2009_003640
-167116 | 2011_002379
-167142 | 2007_001884
-167402 | 2007_008980
-167405 | 2009_000455
-167682 | 2009_002936
-167739 | 2008_007123
-167819 | 2007_007130
-167965 | 2010_002310
-168057 | 2007_005857
-168183 | 2011_001350
-168437 | 2008_000474
-168493 | 2008_008127
-168615 | 2010_001966
-168654 | 2008_001070
-168837 | 2011_000310
-168907 | 2007_006761
-168980 | 2011_000807
-169099 | 2009_001240
-169138 | 2009_004540
-169241 | 2011_000607
-169255 | 2011_002951
-169372 | 2009_003063
-169382 | 2007_005759
-169538 | 2007_004193
-169678 | 2008_002241
-169687 | 2010_003409
-169923 | 2010_000961
-170156 | 2009_003928
-170171 | 2010_002200
-170218 | 2009_000935
-170404 | 2007_008339
-170424 | 2009_001300
-170597 | 2009_000318
-170715 | 2010_005877
-170822 | 2011_003085
-170862 | 2009_002171
-170886 | 2009_000037
-171407 | 2009_004221
-171568 | 2007_006028
-171623 | 2007_000464
-171624 | 2010_001246
-171698 | 2011_000112
-171720 | 2010_003183
-171901 | 2009_003857
-171920 | 2007_009323
-171932 | 2009_005231
-172079 | 2010_000309
-172101 | 2009_000421
-172117 | 2007_005915
-172235 | 2010_001036
-172294 | 2010_003418
-172297 | 2009_003450
-172664 | 2008_000911
-172745 | 2010_002142
-172762 | 2008_001682
-172946 | 2009_000964
-172978 | 2010_005421
-172978 | 2009_002635
-173002 | 2011_001726
-173013 | 2009_000840
-173078 | 2007_007818
-173190 | 2009_000351
-173307 | 2008_000501
-173477 | 2008_004687
-173604 | 2008_003003
-173628 | 2007_005107
-173776 | 2010_001313
-173848 | 2009_002035
-173901 | 2011_002223
-173937 | 2009_004084
-173952 | 2010_003127
-174268 | 2008_007143
-174351 | 2011_000419
-174455 | 2009_004635
-174665 | 2011_000291
-174690 | 2010_001563
-174800 | 2008_001135
-174835 | 2010_005353
-174900 | 2011_002993
-175150 | 2009_004581
-175158 | 2007_002132
-175259 | 2010_000065
-175277 | 2009_000022
-175365 | 2009_004730
-175456 | 2009_005260
-175537 | 2010_005705
-175550 | 2010_005245
-175555 | 2008_006784
-175644 | 2011_001421
-175676 | 2010_001070
-175736 | 2010_000038
-175744 | 2009_000705
-175910 | 2010_004628
-176445 | 2009_001363
-176510 | 2010_000628
-176664 | 2011_000396
-176786 | 2008_005676
-176856 | 2009_003323
-176973 | 2010_000084
-177000 | 2008_001028
-177229 | 2008_002521
-177280 | 2010_004063
-177298 | 2008_004910
-177637 | 2011_003145
-177816 | 2007_002387
-177919 | 2011_002548
-178466 | 2010_004795
-178674 | 2009_004509
-179070 | 2011_000436
-179074 | 2009_002771
-179323 | 2007_003714
-179365 | 2010_005888
-179447 | 2009_005087
-179679 | 2009_004247
-179694 | 2011_001624
-180036 | 2008_007497
-180585 | 2008_005262
-180668 | 2007_001377
-180736 | 2008_005398
-180891 | 2009_004494
-181017 | 2009_004653
-181082 | 2011_002730
-181222 | 2008_001514
-181230 | 2011_001529
-181332 | 2010_004543
-181426 | 2011_001161
-181517 | 2008_006036
-181529 | 2011_001020
-181753 | 2007_004969
-182014 | 2010_004337
-182275 | 2007_009911
-182317 | 2011_002150
-182400 | 2011_000658
-182408 | 2008_001150
-182433 | 2008_000009
-182496 | 2007_003872
-182941 | 2008_000853
-183601 | 2011_001313
-183611 | 2009_002591
-183670 | 2010_001820
-183751 | 2007_001587
-183820 | 2009_005089
-183962 | 2010_005922
-184408 | 2010_003708
-184438 | 2008_008296
-184603 | 2009_000989
-184703 | 2010_002450
-184774 | 2007_002412
-184812 | 2007_005058
-184858 | 2007_006549
-185168 | 2009_005156
-185188 | 2009_004070
-185191 | 2010_000918
-185514 | 2008_007836
-185711 | 2008_006143
-185885 | 2010_002701
-186100 | 2007_005358
-186164 | 2010_000502
-186244 | 2011_000912
-186328 | 2011_001782
-186375 | 2007_000862
-186414 | 2007_003611
-186840 | 2011_002244
-186929 | 2011_001669
-187778 | 2009_002445
-191847 | 2011_002863
-192321 | 2008_002429
-193676 | 2010_001069
-194564 | 2008_008682
-194668 | 2009_003378
-196889 | 2008_000182
-196956 | 2009_000619
-198522 | 2010_000836
-199022 | 2008_002492
-201496 | 2010_003915
-202182 | 2010_005531
-203717 | 2010_001017
-204032 | 2007_007477
-206316 | 2009_000087
-206599 | 2007_009458
-208152 | 2009_002594
-209154 | 2010_003275
-209966 | 2010_002538
-213819 | 2009_001314
-219796 | 2011_001910
-227036 | 2008_001547
-227201 | 2010_003231
-236219 | 2007_001733
-243714 | 2009_001108
aeroplane
-5717 | 2010_001024
-20674 | 2011_001434
-28602 | 2008_005338
-34891 | 2010_002939
-39667 | 2008_004704
-42350 | 2009_002808
-48361 | 2011_002327
-51982 | 2007_001761
-62965 | 2010_003365
-65644 | 2008_003369
-66545 | 2010_003132
-66629 | 2007_001568
-74411 | 2011_001880
-77473 | 2007_006946
-80150 | 2010_002147
-82516 | 2007_002619
-84654 | 2010_000238
-88092 | 2008_007350
-89318 | 2008_003926
-90204 | 2008_001546
-94722 | 2010_001174
-102032 | 2007_005828
-104180 | 2008_007507
-106947 | 2007_002376
-108703 | 2008_002358
-111909 | 2008_003856
-112413 | 2009_000387
-112931 | 2007_000033
-114787 | 2007_002266
-115052 | 2010_003716
-115347 | 2011_000874
-115786 | 2009_000032
-115841 | 2010_003495
-116593 | 2011_001407
-117505 | 2009_003696
-118163 | 2008_003155
-118232 | 2010_006034
-119371 | 2011_002675
-119645 | 2009_001332
-121148 | 2007_005509
-122066 | 2011_002929
-122735 | 2008_003976
-122940 | 2008_003876
-123688 | 2009_001851
-123788 | 2007_001288
-124510 | 2010_004419
-125591 | 2009_003005
-125763 | 2007_004052
-126050 | 2009_003806
-128041 | 2009_002888
-130281 | 2009_001850
-131117 | 2007_007470
-131222 | 2010_005534
-134014 | 2009_004969
-134587 | 2010_000572
-136560 | 2010_005718
-137117 | 2010_001448
-137605 | 2009_005189
-138344 | 2007_007341
-139694 | 2011_001489
-140470 | 2011_001114
-140848 | 2010_004314
-141622 | 2010_000622
-146160 | 2008_006703
-146278 | 2009_000440
-150272 | 2009_000205
-151625 | 2011_002515
-152577 | 2008_001971
-152864 | 2009_002320
-153188 | 2010_002310
-154145 | 2007_005600
-155004 | 2011_001263
-158390 | 2010_005877
-159427 | 2010_002200
-160112 | 2008_006216
-160450 | 2011_000481
-163961 | 2007_001884
-167086 | 2010_003127
-167801 | 2011_000807
-168631 | 2007_009911
-172095 | 2010_004063
-174697 | 2010_005888
-174728 | 2011_002993
-174844 | 2011_001624
-176751 | 2009_004653
-180065 | 2007_001377
-184547 | 2008_007836
-185964 | 2007_005358
-194200 | 2010_003915
-195176 | 2010_001017
bicycle
-22261 | 2009_000354
-79737 | 2008_003108
-81349 | 2007_000129
-88334 | 2009_001663
-99596 | 2007_006449
-103006 | 2008_003270
-103135 | 2007_009258
-103748 | 2009_001255
-106486 | 2011_002713
-107445 | 2008_008629
-111617 | 2010_002030
-113423 | 2008_002269
-113635 | 2010_005664
-114165 | 2011_000412
-114687 | 2007_001311
-115088 | 2009_003343
-119347 | 2010_006070
-124336 | 2008_005727
-127054 | 2009_000149
-129013 | 2011_002064
-129404 | 2011_003003
-130095 | 2008_004758
-130500 | 2009_003224
-131763 | 2009_000573
-132500 | 2009_003971
-133880 | 2008_001404
-134789 | 2007_007235
-134799 | 2009_002928
-136603 | 2008_008711
-137281 | 2007_007836
-138941 | 2007_000572
-139427 | 2007_003188
-143479 | 2008_004995
-143827 | 2009_000457
-143995 | 2009_003193
-144284 | 2011_000585
-144440 | 2010_000342
-145738 | 2008_001531
-146016 | 2010_003912
-146826 | 2007_001630
-148339 | 2008_004654
-149161 | 2010_002536
-149463 | 2008_006254
-150013 | 2008_000725
-152347 | 2010_002792
-153022 | 2010_002693
-153344 | 2008_004363
-154493 | 2009_002295
-154751 | 2007_005281
-155390 | 2008_005738
-155956 | 2008_004101
-156036 | 2010_003293
-157686 | 2009_004882
-158202 | 2010_001206
-158777 | 2009_001718
-158870 | 2010_005860
-158910 | 2008_001231
-159512 | 2010_000083
-160554 | 2007_003621
-164048 | 2008_000469
-165395 | 2010_001367
-166380 | 2009_004848
-166839 | 2010_000065
-168231 | 2011_001988
-168723 | 2007_005107
-169844 | 2011_002223
-170075 | 2009_000351
-170142 | 2011_002002
-171631 | 2009_003065
-172272 | 2010_003446
-174574 | 2010_001246
-176779 | 2007_006028
-178138 | 2009_005156
-181490 | 2011_002150
-182273 | 2007_001587
-182851 | 2010_003123
-182987 | 2009_005087
-183062 | 2011_001529
-186967 | 2011_002244
bird
66386 | 2007_002400
53680 | 2011_000185
46163 | 2011_003030
-3788 | 2010_000814
-18441 | 2011_000482
-28352 | 2009_003273
-39506 | 2007_009088
-45469 | 2010_001995
-61333 | 2010_003362
-67635 | 2008_002043
-72079 | 2010_004994
-77662 | 2009_004021
-87753 | 2008_003110
-90992 | 2010_004559
-95021 | 2010_005428
-95607 | 2011_001287
-98405 | 2010_003473
-100291 | 2008_001966
-101054 | 2009_001565
-104323 | 2007_003349
-104605 | 2007_004143
-109445 | 2009_004895
-112307 | 2009_000991
-115084 | 2007_008051
-117742 | 2010_004556
-117861 | 2011_000548
-118515 | 2010_000241
-118539 | 2007_009817
-119143 | 2007_008670
-120856 | 2008_008746
-120983 | 2009_000998
-121025 | 2008_007120
-123002 | 2010_003820
-125188 | 2007_002094
-127712 | 2009_000664
-131295 | 2010_001016
-132916 | 2009_001160
-133904 | 2008_007498
-137077 | 2009_001607
-137431 | 2009_004568
-137928 | 2009_001683
-138458 | 2008_007994
-139093 | 2007_001289
-140230 | 2010_003168
-140571 | 2010_004348
-142479 | 2009_005262
-142807 | 2009_004886
-143580 | 2009_003450
-144167 | 2009_003640
-144363 | 2009_003498
-146641 | 2010_003771
-146840 | 2007_008084
-147470 | 2009_001765
-147501 | 2008_002429
-147595 | 2010_001061
-149340 | 2008_000533
-149809 | 2009_005137
-150573 | 2011_000456
-152299 | 2007_007084
-152778 | 2009_003858
-153102 | 2007_003682
-153428 | 2009_000879
-153871 | 2008_000123
-154171 | 2008_008268
-155132 | 2008_001283
-156009 | 2010_000961
-156099 | 2009_004540
-156266 | 2011_002295
-156726 | 2009_000318
-157423 | 2011_000669
-158509 | 2007_005074
-160079 | 2009_004084
-160225 | 2010_003418
-160595 | 2007_009323
-160746 | 2009_002604
-161133 | 2010_002142
-161367 | 2009_003378
-162099 | 2008_000848
-163625 | 2009_000037
-163889 | 2011_002578
-164310 | 2011_000112
-164319 | 2010_000335
-165998 | 2009_005260
-167443 | 2011_001421
-168336 | 2007_006076
-169662 | 2010_001069
-170640 | 2011_003145
-172328 | 2008_001514
-172535 | 2010_005353
-173825 | 2009_004509
-174139 | 2011_002548
-181658 | 2010_001820
-182890 | 2010_002450
-183223 | 2007_002412
-183347 | 2009_000619
-183815 | 2010_000918
-184923 | 2008_006143
-185660 | 2010_000502
-185663 | 2011_000912
-194720 | 2010_005531
-196265 | 2010_000836
-202409 | 2009_001314
-239165 | 2009_001108
boat
21205 | 2010_004772
-0054 | 2007_005358
-1837 | 2011_002578
-26267 | 2007_005074
-33623 | 2011_000435
-35574 | 2009_001941
-36627 | 2008_001013
-51691 | 2010_005401
-59574 | 2008_000120
-67178 | 2008_003858
-70787 | 2011_000234
-77208 | 2010_000272
-86194 | 2010_004662
-88918 | 2009_000469
-89040 | 2007_002719
-95861 | 2007_004241
-96713 | 2008_002504
-103018 | 2011_002975
-108469 | 2009_000723
-111135 | 2008_003034
-111834 | 2009_003504
-115163 | 2010_000679
-115242 | 2007_003861
-116404 | 2011_002754
-117911 | 2008_001260
-119945 | 2010_004041
-120730 | 2009_000828
-121157 | 2011_000238
-125670 | 2009_000919
-125784 | 2007_000529
-126585 | 2008_006229
-128415 | 2009_000446
-129520 | 2010_000559
-131786 | 2007_000837
-131793 | 2009_003080
-132456 | 2011_001793
-132816 | 2008_003886
-134190 | 2007_006046
-137661 | 2010_003547
-140231 | 2007_000061
-142812 | 2007_003571
-143694 | 2008_001040
-145049 | 2008_005628
-147342 | 2008_001580
-150603 | 2009_002727
-150883 | 2011_001589
-151986 | 2007_005705
-152346 | 2009_004125
-152580 | 2010_002150
-153867 | 2010_000906
-154897 | 2009_003043
-157298 | 2009_003707
-157446 | 2010_002546
-157645 | 2010_005252
-158096 | 2007_008645
-158692 | 2007_003131
-159430 | 2010_004208
-160304 | 2011_001613
-163871 | 2010_001036
-164648 | 2008_007143
-165410 | 2008_001135
-167162 | 2010_005705
-171663 | 2009_004635
-173120 | 2009_000421
-174897 | 2010_000084
-176049 | 2008_005398
-177364 | 2011_001161
-180742 | 2009_002591
-183130 | 2007_006549
-186098 | 2007_000862
-195035 | 2007_007477
-198573 | 2008_002492
bottle
83115 | 2011_000066
63170 | 2010_000426
59485 | 2011_003271
54688 | 2010_004551
32726 | 2007_004468
05557 | 2009_004579
-0042 | 2010_000083
-0772 | 2010_003912
-0805 | 2009_000573
-2689 | 2010_001367
-10621 | 2009_000121
-20679 | 2009_002649
-30612 | 2009_001818
-39470 | 2008_007811
-48381 | 2010_004520
-48814 | 2007_005294
-51070 | 2010_004828
-52146 | 2008_005904
-54478 | 2008_004659
-58370 | 2008_005399
-64481 | 2007_005428
-64844 | 2009_002749
-72718 | 2008_002467
-73341 | 2010_004529
-81552 | 2010_003468
-83205 | 2011_002641
-86304 | 2010_001830
-89739 | 2009_002521
-96540 | 2009_003003
-97947 | 2010_005762
-100104 | 2009_003517
-100812 | 2009_005302
-115438 | 2009_002856
-120481 | 2009_000201
-131003 | 2011_003240
-132457 | 2010_005496
-134757 | 2009_002185
-136261 | 2007_001408
-136367 | 2009_002732
-137259 | 2010_000256
-139159 | 2007_000762
-142393 | 2010_004056
-143671 | 2008_007219
-146910 | 2009_005190
-147310 | 2009_004324
-147370 | 2009_002372
-149561 | 2008_002775
-150578 | 2011_002498
-150932 | 2008_000795
-151084 | 2007_000346
-152162 | 2009_005038
-152192 | 2008_007737
-153558 | 2011_002575
-154890 | 2009_001278
-154913 | 2010_005582
-155931 | 2007_009654
-159513 | 2010_003781
-160669 | 2008_000911
-161050 | 2007_009687
-161140 | 2009_000840
-162767 | 2009_002573
-163261 | 2007_007007
-164115 | 2010_003597
-164609 | 2008_008362
-165193 | 2010_002017
-165214 | 2011_000438
-165418 | 2011_000953
-165713 | 2007_005304
-165907 | 2008_005812
-166434 | 2008_005089
-167381 | 2011_000747
-167904 | 2011_002358
-168383 | 2007_004712
-168474 | 2008_002864
-168762 | 2010_001851
-169861 | 2009_003269
-170660 | 2011_000843
-170845 | 2007_007493
-171851 | 2009_004247
-172158 | 2011_002098
-172448 | 2007_000559
-174384 | 2008_003076
-174562 | 2007_006241
-174773 | 2007_008204
-175025 | 2008_005262
-177065 | 2007_000999
-177943 | 2007_003088
-179204 | 2010_000573
-180389 | 2010_000738
-181104 | 2007_004193
-181874 | 2011_002863
-182114 | 2008_001629
-182959 | 2007_009458
-203433 | 2009_002594
-207029 | 2007_001585
-215142 | 2007_006086
bus
138409 | 2007_002539
100146 | 2007_000663
71796 | 2009_002238
70017 | 2009_001082
68174 | 2007_003101
65872 | 2009_004072
55215 | 2009_004789
45885 | 2010_002868
41621 | 2007_005911
37016 | 2010_001403
25623 | 2008_003777
25497 | 2008_008469
23557 | 2011_000830
05044 | 2009_001854
04688 | 2011_000178
-0295 | 2010_002200
-0611 | 2010_001646
-0945 | 2007_009764
-4121 | 2007_003621
-5944 | 2007_001884
-14177 | 2008_002205
-14598 | 2009_003304
-15703 | 2008_007797
-23303 | 2011_001341
-25555 | 2009_003703
-25992 | 2009_004867
-28690 | 2007_003137
-29901 | 2008_003141
-30962 | 2010_005284
-31414 | 2011_000888
-34366 | 2008_008252
-35014 | 2009_000426
-35375 | 2009_000335
-38726 | 2008_008301
-40009 | 2008_000075
-42735 | 2009_004590
-42758 | 2010_001206
-54041 | 2010_000682
-55674 | 2009_001816
-56317 | 2009_004732
-56808 | 2007_003711
-58472 | 2011_003114
-60742 | 2010_003293
-65820 | 2010_002546
-70064 | 2011_000248
-70981 | 2010_000573
-72377 | 2009_001804
-74735 | 2009_002535
-74787 | 2010_005118
-78181 | 2011_000312
-84589 | 2007_003503
-84684 | 2008_006554
-88876 | 2010_004348
-89279 | 2011_001064
-89336 | 2011_000239
-91474 | 2007_005978
-104863 | 2007_008747
-115881 | 2010_005063
-118342 | 2007_003786
-118971 | 2011_000969
-123772 | 2010_003772
-126238 | 2007_009015
-131138 | 2007_003195
-141542 | 2007_009392
-147120 | 2010_005160
-150545 | 2009_000455
-153170 | 2007_000727
-154125 | 2008_008682
-154772 | 2011_001110
-159188 | 2009_005231
-163967 | 2011_001748
-169851 | 2008_005676
-173117 | 2008_007804
-176771 | 2007_007818
car
85703 | 2008_003577
80125 | 2010_000160
42908 | 2010_003381
25071 | 2010_003453
24205 | 2011_000900
24106 | 2010_003854
24078 | 2010_002361
23683 | 2007_001321
01071 | 2008_002958
-0043 | 2011_001988
-0142 | 2011_000248
-0247 | 2010_000682
-0305 | 2011_002002
-0392 | 2007_000529
-0445 | 2007_003101
-0525 | 2010_002200
-0620 | 2010_001246
-0708 | 2011_003114
-0808 | 2007_005509
-0867 | 2011_000239
-1030 | 2010_002546
-1072 | 2007_003711
-1164 | 2010_005284
-1531 | 2007_008747
-1650 | 2010_003293
-2773 | 2007_003195
-2806 | 2010_005718
-3113 | 2009_000121
-3389 | 2007_009392
-3584 | 2009_003269
-4159 | 2010_003123
-4194 | 2007_003503
-4540 | 2009_000335
-4977 | 2007_005074
-5088 | 2007_000727
-5367 | 2009_002238
-5918 | 2007_007818
-6420 | 2007_009015
-6938 | 2007_000663
-7715 | 2010_001403
-8581 | 2009_000457
-9000 | 2011_002064
-9807 | 2010_005432
-10629 | 2011_003055
-11121 | 2010_003446
-11958 | 2008_004069
-12216 | 2011_002592
-14842 | 2010_006070
-14843 | 2008_003141
-15288 | 2010_002017
-17086 | 2009_003549
-18724 | 2010_002929
-20305 | 2010_002902
-22790 | 2007_009096
-23062 | 2009_003387
-26501 | 2009_000523
-29357 | 2007_003143
-32384 | 2010_003276
-33084 | 2011_001110
-33525 | 2009_004594
-34949 | 2010_005860
-35596 | 2010_000372
-38898 | 2008_006254
-41261 | 2009_003003
-42177 | 2008_007804
-43846 | 2009_001255
-46961 | 2009_004748
-49902 | 2009_003406
-51521 | 2007_003917
-52092 | 2010_000952
-56389 | 2009_003589
-59492 | 2009_002990
-64868 | 2008_003846
-64984 | 2010_003813
-65452 | 2007_007815
-66868 | 2007_006277
-70382 | 2010_004946
-73108 | 2008_002212
-73723 | 2011_002812
-85171 | 2008_006986
-86121 | 2010_005501
-86960 | 2010_001553
-96266 | 2008_003333
-106061 | 2009_002164
-106746 | 2009_002618
-106868 | 2007_005547
-111425 | 2009_001536
-111629 | 2011_002322
-112239 | 2008_004552
-112392 | 2007_005296
-114094 | 2010_002988
-115250 | 2007_003051
-118161 | 2008_005245
-120019 | 2010_005013
-121364 | 2010_004472
-121841 | 2009_000825
-124425 | 2011_000503
-126293 | 2007_006035
-131406 | 2007_005331
-134254 | 2010_003768
-138419 | 2007_007414
-147155 | 2009_004455
-152823 | 2009_001240
-152858 | 2008_006526
-153502 | 2010_000530
-153601 | 2010_003746
-155891 | 2008_004339
-160596 | 2008_000501
-160724 | 2011_003019
-163603 | 2010_001767
-165260 | 2007_002643
-165492 | 2011_001190
-167382 | 2010_000628
-168248 | 2010_001966
-169214 | 2008_006275
-171612 | 2007_003587
-173650 | 2007_009938
-176402 | 2009_004494
-179081 | 2011_000658
-179524 | 2010_001734
-180403 | 2008_008127
-181582 | 2007_008708
-182258 | 2011_001313
-183837 | 2010_004337
-186682 | 2011_001669
-208379 | 2010_003231
-216112 | 2009_002239
cat
140504 | 2011_002685
127348 | 2011_001775
122889 | 2010_004369
75260 | 2010_002900
59070 | 2010_000683
54241 | 2010_005899
50886 | 2010_000552
41292 | 2010_002305
35832 | 2007_002445
30356 | 2007_009794
30353 | 2010_002348
21090 | 2010_005508
18985 | 2011_000789
05662 | 2010_005108
02595 | 2008_006480
-2317 | 2010_002512
-2329 | 2010_003675
-6333 | 2007_004856
-7128 | 2009_004248
-7830 | 2010_005021
-9937 | 2009_004721
-11937 | 2010_005344
-12480 | 2010_002693
-18159 | 2010_001292
-23181 | 2011_001292
-24825 | 2010_004320
-25782 | 2010_003402
-25877 | 2011_001607
-27943 | 2010_003781
-28471 | 2011_000780
-29005 | 2011_001597
-29904 | 2010_002025
-31610 | 2007_005460
-32614 | 2010_003468
-34872 | 2010_001534
-36138 | 2010_000163
-38051 | 2008_003499
-42777 | 2010_001351
-43206 | 2010_001656
-45769 | 2007_003169
-47732 | 2010_004104
-48707 | 2008_000401
-48770 | 2010_000941
-48833 | 2008_001885
-55829 | 2007_002470
-56454 | 2007_006260
-57609 | 2011_001534
-62968 | 2007_001774
-63467 | 2010_000724
-64385 | 2010_003764
-64803 | 2007_007524
-64892 | 2009_001391
-65148 | 2008_006325
-67039 | 2010_002422
-68369 | 2009_003904
-68728 | 2010_004861
-68990 | 2009_002268
-71156 | 2009_000716
-74131 | 2007_004866
-76402 | 2009_002527
-85814 | 2009_003771
-87902 | 2010_001331
-88718 | 2010_005709
-89592 | 2007_009221
-93215 | 2008_000345
-93588 | 2010_004120
-93693 | 2007_008815
-94895 | 2008_001433
-95895 | 2007_003991
-96487 | 2009_001008
-98768 | 2010_002531
-102175 | 2008_002152
-103595 | 2009_004504
-104923 | 2009_001411
-105182 | 2008_000464
-105455 | 2011_001601
-106553 | 2008_006341
-106955 | 2010_003758
-107341 | 2009_000013
-108128 | 2010_002146
-108263 | 2007_001763
-108690 | 2007_007417
-110468 | 2011_000661
-113372 | 2011_000813
-115107 | 2009_002753
-115257 | 2009_005219
-115449 | 2009_005158
-121244 | 2007_009346
-124583 | 2008_002681
-126091 | 2008_001078
-126465 | 2010_005606
-126619 | 2010_004815
-127952 | 2008_001640
-129689 | 2007_002597
-132944 | 2008_001513
-134471 | 2010_002137
-134598 | 2007_009923
-134666 | 2008_002623
-137469 | 2010_001913
-138403 | 2007_005845
-140249 | 2008_007548
-140789 | 2010_004479
-144312 | 2009_000080
-149621 | 2007_003106
-150821 | 2009_002936
-151254 | 2010_003971
-152239 | 2010_002763
-152729 | 2009_004099
-159929 | 2007_008110
-161690 | 2010_005421
-161729 | 2009_000964
-165134 | 2011_000419
-166805 | 2010_001070
-173657 | 2010_003275
-174575 | 2007_002268
-176213 | 2009_000488
-179339 | 2010_001149
-180129 | 2008_000853
-189963 | 2008_000182
chair
18055 | 2010_004763
10250 | 2008_001439
-1204 | 2011_002641
-1349 | 2008_008362
-1433 | 2011_002575
-2808 | 2007_007493
-3422 | 2010_002512
-3793 | 2007_004193
-4320 | 2007_004712
-5431 | 2011_000843
-6540 | 2010_001851
-7143 | 2007_006086
-7799 | 2010_002017
-10052 | 2011_002358
-11776 | 2008_007737
-14307 | 2011_002343
-21842 | 2010_002693
-24559 | 2007_006241
-24866 | 2010_003971
-25342 | 2007_008110
-30588 | 2008_000673
-30945 | 2011_001071
-33597 | 2010_005021
-43023 | 2009_002415
-58586 | 2008_007194
-60188 | 2011_000813
-72951 | 2007_004405
-75013 | 2010_002336
-79239 | 2010_004825
-79857 | 2008_004612
-85876 | 2007_006348
-91387 | 2010_000003
-93096 | 2009_001299
-93974 | 2011_000226
-103848 | 2007_005844
-105735 | 2011_001447
-106667 | 2010_003531
-109029 | 2010_002623
-109303 | 2008_000107
-109549 | 2009_004140
-110054 | 2011_003011
-110849 | 2007_006553
-111201 | 2010_003302
-113308 | 2009_002571
-114589 | 2007_004510
-117163 | 2011_001567
-117751 | 2009_004859
-117977 | 2009_003071
-119841 | 2011_001276
-120730 | 2010_000639
-122245 | 2010_003325
-123496 | 2008_003821
-123946 | 2007_007996
-125929 | 2009_003507
-128960 | 2009_002487
-130524 | 2008_006008
-131113 | 2011_000661
-133876 | 2008_007378
-134629 | 2008_001715
-135857 | 2011_001665
-136508 | 2007_000804
-137180 | 2007_008106
-137311 | 2011_002041
-137590 | 2007_004392
-138305 | 2008_003477
-138874 | 2010_002921
-140498 | 2007_008897
-141736 | 2008_000863
-142126 | 2008_007527
-144110 | 2009_003494
-145386 | 2010_004783
-145770 | 2008_007402
-146390 | 2011_001812
-146431 | 2011_003103
-147692 | 2007_009413
-151076 | 2009_002346
-152268 | 2011_001346
-153572 | 2011_002391
-154403 | 2007_009084
-155090 | 2009_000391
-155679 | 2008_000149
-155715 | 2011_002200
-155937 | 2009_004217
-156001 | 2011_000809
-156244 | 2011_002298
-157942 | 2007_001678
-158305 | 2007_009068
-158809 | 2009_004687
-159285 | 2009_001775
-159307 | 2007_000830
-159972 | 2007_001677
-161176 | 2011_002644
-162025 | 2007_003011
-162310 | 2011_002124
-162400 | 2008_005445
-162546 | 2007_007795
-163237 | 2009_003849
-163593 | 2011_000607
-164415 | 2011_000338
-164717 | 2008_002379
-166090 | 2008_007048
-166926 | 2007_008543
-167641 | 2010_001579
-167864 | 2009_003895
-167989 | 2008_007828
-168560 | 2010_001699
-169224 | 2007_009252
-169244 | 2009_003991
-170892 | 2011_002509
-170979 | 2007_007203
-171666 | 2010_005626
-174774 | 2007_001717
-175034 | 2008_002521
-175833 | 2007_001457
-175922 | 2007_009521
-176157 | 2010_003409
-176752 | 2009_003123
-177630 | 2007_000452
-178757 | 2011_001862
-179810 | 2010_004543
-180064 | 2007_000661
-180791 | 2009_000096
-206739 | 2010_002538
cow
106805 | 2008_005097
77986 | 2007_003841
64489 | 2010_001000
54432 | 2009_000731
53884 | 2009_003059
47954 | 2007_002903
30044 | 2009_002221
29071 | 2007_000491
28253 | 2010_004322
27497 | 2008_004701
17140 | 2008_006063
16193 | 2009_000771
03432 | 2009_003773
00280 | 2007_003201
-8052 | 2010_002390
-12710 | 2011_003019
-14769 | 2011_001232
-15026 | 2010_002763
-16360 | 2007_005547
-30562 | 2008_000919
-31217 | 2011_000548
-51049 | 2009_003542
-53000 | 2011_000566
-64912 | 2010_000427
-71000 | 2010_003239
-71892 | 2009_002150
-73898 | 2008_007025
-76994 | 2009_000219
-78061 | 2010_001692
-84298 | 2007_009245
-86059 | 2007_006841
-91490 | 2010_001010
-92275 | 2008_005105
-92286 | 2010_000907
-95390 | 2011_002885
-98637 | 2007_001299
-100598 | 2010_005166
-105564 | 2009_002122
-109507 | 2009_000309
-109573 | 2007_009897
-111009 | 2010_004789
-116539 | 2009_002549
-117479 | 2008_002778
-118713 | 2007_008973
-130260 | 2009_000641
-131875 | 2008_007273
-132001 | 2011_001047
-133500 | 2010_004635
-135904 | 2008_007031
-138185 | 2007_005114
-141480 | 2008_006528
-143363 | 2011_001708
-143484 | 2011_001159
-149242 | 2008_000073
-150893 | 2009_003569
-150937 | 2011_001546
-151626 | 2008_007123
-154141 | 2007_006761
-154697 | 2008_007596
-157539 | 2007_008722
-158164 | 2009_002171
-159387 | 2007_000464
-162642 | 2009_002635
-163321 | 2009_002035
-163584 | 2010_003183
-173413 | 2011_001530
-176867 | 2007_002387
-179659 | 2008_000009
-181521 | 2011_001782
-182368 | 2010_005922
-185080 | 2010_002701
diningtable
171064 | 2009_001215
149330 | 2008_008051
132539 | 2008_005145
97158 | 2008_000763
93840 | 2007_007810
-1578 | 2011_001862
-2743 | 2011_000809
-3328 | 2009_003849
-4186 | 2009_002571
-4667 | 2007_009521
-4679 | 2007_007651
-5418 | 2010_001851
-7343 | 2010_004825
-7802 | 2008_007048
-8213 | 2011_000338
-8280 | 2007_000830
-10077 | 2009_002487
-10789 | 2007_003011
-11047 | 2008_006008
-11165 | 2009_003507
-11695 | 2009_003123
-13050 | 2010_002336
-13289 | 2008_007378
-14737 | 2007_005844
-15183 | 2011_001276
-15498 | 2009_003991
-19273 | 2010_003531
-19927 | 2007_007498
-20013 | 2008_007402
-20463 | 2010_003325
-20550 | 2007_004712
-22806 | 2009_004140
-24444 | 2007_004405
-24458 | 2007_003742
-25136 | 2011_000226
-27752 | 2009_005038
-28158 | 2007_001677
-28838 | 2008_008362
-29124 | 2011_002358
-29861 | 2008_002864
-29940 | 2010_005626
-31461 | 2010_003597
-35972 | 2010_003971
-37535 | 2007_007007
-37830 | 2008_002379
-41732 | 2009_002415
-45656 | 2011_000953
-45730 | 2009_003003
-46174 | 2007_000762
-53747 | 2009_003071
-53859 | 2008_002775
-56980 | 2007_009413
-57801 | 2011_001665
-61408 | 2010_001579
-62225 | 2007_006241
-63566 | 2009_004859
-64381 | 2011_002200
-71106 | 2008_006408
-73964 | 2011_000598
-79356 | 2008_003477
-90252 | 2008_004575
-90596 | 2008_004140
-101272 | 2007_006086
-106081 | 2008_000573
-116976 | 2008_008335
-120986 | 2007_000847
-127526 | 2007_002624
-128708 | 2007_009706
-133342 | 2007_001430
-133506 | 2010_000174
-136312 | 2011_002075
-137765 | 2008_006108
-146892 | 2010_005046
-148393 | 2007_005803
-173549 | 2011_001069
dog
138275 | 2009_000839
132125 | 2010_000159
72707 | 2011_002589
70406 | 2011_002121
62667 | 2010_005159
62386 | 2010_000904
56281 | 2010_002480
19486 | 2010_001376
17274 | 2010_002228
15734 | 2008_006981
13181 | 2010_001264
06762 | 2011_002279
-0620 | 2010_001124
-2202 | 2011_001862
-2834 | 2009_002346
-6217 | 2011_001276
-8073 | 2008_002958
-10863 | 2010_000639
-11213 | 2010_000003
-11278 | 2010_001956
-11549 | 2007_009084
-12708 | 2007_002268
-14814 | 2009_003241
-14815 | 2008_000863
-15692 | 2007_008964
-19092 | 2007_009562
-21167 | 2008_007378
-22385 | 2007_007417
-22531 | 2010_000422
-22667 | 2007_005696
-23116 | 2008_001895
-23857 | 2009_003756
-25088 | 2011_001745
-26844 | 2010_003187
-29722 | 2011_002298
-30605 | 2008_006130
-31624 | 2010_000216
-31812 | 2007_005149
-32627 | 2007_002597
-34699 | 2010_005644
-39221 | 2011_002098
-40462 | 2010_005206
-41824 | 2009_001535
-45067 | 2007_002852
-45498 | 2011_001868
-53050 | 2008_003238
-55765 | 2010_005992
-58016 | 2011_001642
-58775 | 2009_003810
-59708 | 2007_001763
-60572 | 2011_002040
-61568 | 2007_009592
-66443 | 2009_004507
-66754 | 2008_000943
-66974 | 2008_002859
-70149 | 2010_003060
-71432 | 2011_002110
-78439 | 2011_002156
-83812 | 2010_003506
-84763 | 2009_003466
-85883 | 2010_004550
-86237 | 2010_003746
-87155 | 2010_000110
-87638 | 2007_006171
-88324 | 2011_001984
-89798 | 2007_003194
-89854 | 2009_002012
-90883 | 2007_008222
-91392 | 2007_003373
-93960 | 2009_002155
-97295 | 2008_006722
-98904 | 2007_001239
-101479 | 2010_005575
-102111 | 2009_001687
-102367 | 2008_003576
-102714 | 2009_003217
-107501 | 2009_002539
-107597 | 2011_001714
-110180 | 2008_002936
-111546 | 2010_000788
-112171 | 2007_008980
-113102 | 2007_008260
-115536 | 2008_002904
-118580 | 2008_007513
-120593 | 2011_002371
-121221 | 2007_004644
-121417 | 2008_001379
-122130 | 2008_000239
-122486 | 2008_002239
-125021 | 2011_000536
-125550 | 2008_000270
-127884 | 2009_004994
-128613 | 2010_001908
-129138 | 2008_000661
-130034 | 2011_000045
-131982 | 2011_003256
-132650 | 2007_008415
-133123 | 2009_000892
-133702 | 2007_004189
-134912 | 2009_004592
-136248 | 2007_004112
-136486 | 2008_002536
-142685 | 2010_004165
-142811 | 2008_005197
-145479 | 2010_005991
-145690 | 2011_001014
-146690 | 2009_003928
-147652 | 2008_000080
-148283 | 2008_001478
-152477 | 2008_001070
-152841 | 2009_000156
-155527 | 2009_003063
-155627 | 2007_003110
-156766 | 2009_000935
-158340 | 2007_001594
-158479 | 2007_009331
-158544 | 2009_004033
-158947 | 2010_001768
-161655 | 2008_003511
-165754 | 2009_004581
-166337 | 2007_006444
-167704 | 2010_004628
-172021 | 2010_004795
-172528 | 2009_002445
-176594 | 2010_005245
-178955 | 2010_001563
-179431 | 2007_003872
-182664 | 2009_000989
horse
87764 | 2008_008393
44282 | 2009_004497
41697 | 2011_000526
12325 | 2010_001451
-2474 | 2010_000874
-4272 | 2007_005114
-4752 | 2007_009331
-10124 | 2010_004856
-14372 | 2007_007109
-20843 | 2008_007945
-23116 | 2007_005331
-25090 | 2008_008421
-33264 | 2010_002691
-36782 | 2010_005174
-37339 | 2011_001722
-42966 | 2007_002046
-45472 | 2010_003532
-46653 | 2010_002161
-49626 | 2008_001992
-50696 | 2007_008802
-50937 | 2009_000412
-56187 | 2008_000602
-60296 | 2008_004705
-62740 | 2008_004396
-62929 | 2007_006364
-66490 | 2008_004175
-68958 | 2010_004519
-74044 | 2008_003461
-79584 | 2008_005691
-82157 | 2009_000012
-82313 | 2009_002975
-88307 | 2007_004902
-89477 | 2009_003481
-93325 | 2009_005217
-99063 | 2009_004942
-100999 | 2007_000799
-110495 | 2009_003804
-111091 | 2007_000332
-112135 | 2010_000666
-121514 | 2007_004538
-122149 | 2007_006866
-123948 | 2007_003022
-124345 | 2008_005525
-124717 | 2008_003379
-126275 | 2009_003903
-128194 | 2008_003782
-129113 | 2007_007748
-129824 | 2007_009251
-129937 | 2009_002165
-130838 | 2009_000727
-132844 | 2007_000783
-133107 | 2008_005642
-135557 | 2007_001586
-136063 | 2008_004624
-136064 | 2008_008392
-136082 | 2007_009841
-140175 | 2007_008596
-140697 | 2008_002835
-141746 | 2009_001433
-142554 | 2010_000038
-145395 | 2007_008256
-149064 | 2009_000931
-149124 | 2009_002097
-149217 | 2008_006219
-149968 | 2008_000765
-154426 | 2008_007392
-156062 | 2007_001955
-157191 | 2008_004687
-159354 | 2011_002951
-161108 | 2009_003323
-161590 | 2008_001682
-164470 | 2011_003085
-169263 | 2009_000705
-170627 | 2011_000396
-170781 | 2007_004722
-177477 | 2008_006036
-178865 | 2011_002730
-182826 | 2008_008296
-186384 | 2007_003611
motorbike
85124 | 2008_005915
41599 | 2007_007688
28779 | 2010_004219
20560 | 2008_002240
-0941 | 2010_004337
-4657 | 2007_002643
-5861 | 2008_006526
-7188 | 2008_003333
-7980 | 2008_008127
-8980 | 2010_001251
-10496 | 2011_002322
-13344 | 2011_003019
-15710 | 2010_005252
-16621 | 2010_002271
-16942 | 2007_009938
-18450 | 2008_005245
-24314 | 2009_000825
-24827 | 2010_005501
-30314 | 2007_004033
-32754 | 2010_005160
-36081 | 2009_004455
-39063 | 2011_000512
-39468 | 2007_006647
-41729 | 2008_004345
-44042 | 2010_000087
-45123 | 2008_000782
-48496 | 2007_009084
-56229 | 2007_005173
-65526 | 2010_004941
-70579 | 2010_004355
-72624 | 2007_002260
-73964 | 2009_002239
-74246 | 2008_005422
-75187 | 2007_004380
-75258 | 2010_001553
-75448 | 2009_000074
-75530 | 2010_005366
-77585 | 2008_002383
-78537 | 2008_000811
-79370 | 2009_002382
-87633 | 2009_004043
-89916 | 2007_004275
-91394 | 2007_005354
-92293 | 2010_003947
-98012 | 2007_009691
-98962 | 2010_005433
-101757 | 2011_000618
-103484 | 2008_005637
-106524 | 2009_002317
-107497 | 2010_002251
-108474 | 2011_000455
-116156 | 2009_004738
-119188 | 2010_004697
-123152 | 2009_000730
-123939 | 2009_004987
-125860 | 2008_006874
-126078 | 2007_009756
-127250 | 2007_007211
-127309 | 2010_002396
-127842 | 2007_005608
-130799 | 2010_004042
-132190 | 2010_003207
-135158 | 2007_002823
-135656 | 2009_005078
-146724 | 2009_002651
-147085 | 2009_003576
-147124 | 2009_003196
-148603 | 2008_005049
-149892 | 2008_003451
-155590 | 2008_004399
-159069 | 2007_005759
-159828 | 2009_004801
-164080 | 2010_000929
-164654 | 2007_003367
-171311 | 2010_001313
-178860 | 2008_001150
person
102045 | 2007_000323
86580 | 2008_000359
60536 | 2007_008944
58792 | 2007_006560
56444 | 2007_001526
53939 | 2007_002824
51183 | 2008_002942
37526 | 2007_006698
36395 | 2008_003874
35008 | 2008_000234
31429 | 2011_000479
27984 | 2008_003210
25935 | 2010_004432
20831 | 2007_006117
17216 | 2008_003330
01762 | 2011_002317
00974 | 2007_001284
00926 | 2007_006864
00912 | 2008_003733
00844 | 2011_000054
-0060 | 2011_000874
-0068 | 2009_003043
-0089 | 2009_002238
-0095 | 2011_000503
-0096 | 2010_004208
-0099 | 2007_000862
-0114 | 2007_003611
-0118 | 2011_000234
-0137 | 2011_002244
-0142 | 2009_000455
-0150 | 2010_000682
-0186 | 2010_000929
-0187 | 2011_002515
-0201 | 2009_003895
-0201 | 2010_005013
-0225 | 2011_002327
-0239 | 2010_001206
-0284 | 2007_005600
-0373 | 2011_001161
-0399 | 2009_001804
-0412 | 2007_005107
-0466 | 2011_000888
-0466 | 2010_004314
-0519 | 2010_001908
-0609 | 2011_002730
-0633 | 2011_002592
-0659 | 2010_000679
-0695 | 2010_001966
-0735 | 2010_001246
-0749 | 2009_004125
-0756 | 2011_001613
-0977 | 2007_002719
-0989 | 2007_005759
-1032 | 2010_002546
-1041 | 2011_003085
-1062 | 2010_003293
-1066 | 2010_000573
-1152 | 2007_005296
-1234 | 2010_001768
-1403 | 2008_008629
-1491 | 2010_003854
-1516 | 2007_007414
-1583 | 2008_003141
-1607 | 2010_004337
-1639 | 2007_003022
-1655 | 2008_005338
-1674 | 2007_003711
-1859 | 2009_004801
-1863 | 2010_001036
-1901 | 2008_000469
-1931 | 2009_000727
-2005 | 2007_009084
-2023 | 2007_005547
-2033 | 2009_001854
-2104 | 2007_008802
-2106 | 2010_000084
-2145 | 2009_004072
-2373 | 2007_000727
-2387 | 2007_009841
-2391 | 2011_001529
-2465 | 2007_003367
-2501 | 2010_000083
-2511 | 2009_000149
-2719 | 2011_002675
-2748 | 2007_002387
-2761 | 2007_001594
-2766 | 2008_004399
-3143 | 2007_007341
-3144 | 2008_004687
-3146 | 2011_000248
-3217 | 2010_005245
-3218 | 2007_005114
-3240 | 2010_001313
-3261 | 2007_009251
-3319 | 2007_003503
-3330 | 2009_005078
-3372 | 2008_003379
-3423 | 2010_003446
-3448 | 2007_002728
-3509 | 2008_000725
-3588 | 2007_005509
-3845 | 2007_004033
-3876 | 2011_001346
-3879 | 2008_007392
-3971 | 2007_008256
-4004 | 2008_001231
-4065 | 2010_000666
-4159 | 2008_001013
-4245 | 2010_001734
-4292 | 2011_002124
-4326 | 2007_007748
-4330 | 2010_000238
-4392 | 2011_003019
-4516 | 2008_008127
-4677 | 2007_008596
-4692 | 2007_007815
-5028 | 2007_003621
-5067 | 2007_006841
-5290 | 2009_005087
-5294 | 2007_004538
-5338 | 2009_000421
-5387 | 2009_002239
-5407 | 2011_002509
-5578 | 2009_002651
-5718 | 2010_005284
-5747 | 2009_003323
-5756 | 2007_006866
-6009 | 2008_003333
-6072 | 2007_001586
-6154 | 2010_001024
-6177 | 2007_000783
-6271 | 2007_005331
-6320 | 2010_001563
-6320 | 2007_002643
-6443 | 2010_004559
-6460 | 2009_001663
-6543 | 2011_003114
-6595 | 2007_006028
-6716 | 2010_005118
-7128 | 2009_003065
-7130 | 2010_005252
-7355 | 2009_001433
-7427 | 2011_000178
-7594 | 2009_001215
-7689 | 2009_004738
-7884 | 2007_005281
-7927 | 2009_000457
-7928 | 2010_000087
-8051 | 2008_002212
-8080 | 2010_002902
-8166 | 2007_005354
-8282 | 2010_004219
-8480 | 2008_005245
-8482 | 2008_000215
-8775 | 2010_000038
-8840 | 2010_003409
-9186 | 2007_002823
-9188 | 2008_006554
-9419 | 2007_008204
-9500 | 2007_009331
-9505 | 2010_000256
-9866 | 2008_003461
-9895 | 2007_007203
-9962 | 2010_003239
-10221 | 2009_000730
-10413 | 2008_002835
-10716 | 2008_000763
-10721 | 2009_003071
-11167 | 2007_007235
-11443 | 2010_004828
-11505 | 2009_004848
-11745 | 2010_003014
-11846 | 2011_000435
-11966 | 2009_002382
-12075 | 2011_000618
-12131 | 2007_002539
-12329 | 2008_005738
-12451 | 2011_000585
-12466 | 2011_000780
-12595 | 2009_004987
-12598 | 2007_001678
-12866 | 2009_004043
-13034 | 2011_002002
-13177 | 2007_006444
-13396 | 2010_002137
-13564 | 2007_001585
-13671 | 2009_002317
-13779 | 2008_006216
-13853 | 2007_004275
-13898 | 2007_006171
-14132 | 2009_003576
-14146 | 2007_007651
-14528 | 2009_005217
-14589 | 2010_002251
-15008 | 2008_004654
-15052 | 2009_003003
-15102 | 2009_000074
-15823 | 2009_003991
-15831 | 2008_008469
-16094 | 2007_009756
-16232 | 2009_000825
-16473 | 2011_002308
-16791 | 2007_006364
-17225 | 2008_000673
-17241 | 2007_003373
-17349 | 2009_001299
-17413 | 2010_002396
-17510 | 2009_004507
-18448 | 2007_001311
-18871 | 2010_000530
-19262 | 2007_004722
-19557 | 2008_000811
-19676 | 2007_009068
-20229 | 2008_006254
-20383 | 2008_003451
-20477 | 2007_008110
-20633 | 2009_002649
-20898 | 2010_002929
-21066 | 2010_002161
-21146 | 2010_002017
-21366 | 2008_005197
-21508 | 2008_001531
-21628 | 2008_001404
-21759 | 2008_003034
-21848 | 2010_003597
-21912 | 2011_002322
-22096 | 2007_008964
-22112 | 2011_002110
-22285 | 2007_005608
-22583 | 2008_002775
-22690 | 2008_006341
-22818 | 2008_007828
-23268 | 2010_003381
-23274 | 2010_005166
-23611 | 2008_005089
-23660 | 2011_001159
-23701 | 2007_007836
-23812 | 2010_001699
-24134 | 2007_003742
-24200 | 2008_003856
-24639 | 2010_001692
-24685 | 2007_004392
-25166 | 2007_008897
-25345 | 2009_000309
-25688 | 2009_001687
-26091 | 2011_000566
-26681 | 2010_004165
-26734 | 2007_009691
-26744 | 2008_003492
-26772 | 2007_002624
-27011 | 2008_000661
-27078 | 2010_004815
-27638 | 2007_007109
-27980 | 2007_007810
-28065 | 2009_004994
-28232 | 2007_004380
-28517 | 2010_004697
-28879 | 2007_000799
-29350 | 2011_000809
-30611 | 2008_005399
-30686 | 2008_003238
-30734 | 2007_006647
-31230 | 2008_005445
-31612 | 2011_001071
-32042 | 2010_003746
-32278 | 2007_003188
-32558 | 2007_008430
-32570 | 2009_003494
-32977 | 2010_000738
-33889 | 2009_004859
-34063 | 2009_001718
-34615 | 2011_002641
-34882 | 2008_000213
-35073 | 2007_000762
-35130 | 2007_004712
-35452 | 2007_007996
-35717 | 2008_003108
-36208 | 2010_000110
-36389 | 2010_002763
-36597 | 2007_000847
-36600 | 2007_001717
-37108 | 2010_005606
-37807 | 2007_008708
-38121 | 2011_002575
-38440 | 2011_000953
-38768 | 2008_001992
-39161 | 2007_003106
-39231 | 2007_003134
-39272 | 2009_000219
-39549 | 2008_000270
-39576 | 2011_001567
-39991 | 2007_001430
-41333 | 2011_002200
-41368 | 2007_009258
-43581 | 2008_007402
-43874 | 2011_000638
-44068 | 2007_007795
-45165 | 2009_002346
-45244 | 2007_001630
-46164 | 2010_003325
-46503 | 2007_005173
-47433 | 2008_006408
-47543 | 2008_003076
-47800 | 2008_003546
-48015 | 2008_006722
-48307 | 2010_004472
-48823 | 2011_002358
-49608 | 2009_003849
-50304 | 2008_004575
-51103 | 2011_000455
-51575 | 2007_000346
-52143 | 2010_000174
-53185 | 2007_003088
-54027 | 2010_001767
-54817 | 2008_001629
-54917 | 2010_002792
-55113 | 2008_006874
-55252 | 2009_005038
-55413 | 2010_000559
-55492 | 2011_001530
-55729 | 2008_008362
-56262 | 2010_005626
-56365 | 2008_007737
-57371 | 2009_003269
-58167 | 2008_006526
-58322 | 2007_004902
-58474 | 2010_005582
-58759 | 2008_003511
-58813 | 2007_004112
-58819 | 2008_006108
-59186 | 2008_000666
-59315 | 2010_005709
-59331 | 2007_007007
-60072 | 2007_006076
-60386 | 2007_003020
-60996 | 2011_002075
-61143 | 2007_000129
-61338 | 2007_001408
-62140 | 2010_001367
-63368 | 2011_003240
-64352 | 2007_005845
-65967 | 2008_004101
-66044 | 2008_001283
-66321 | 2008_000992
-66894 | 2010_004479
-67472 | 2011_000051
-67503 | 2011_001714
-67544 | 2011_001276
-67593 | 2010_002623
-68221 | 2011_001447
-68329 | 2009_002732
-68940 | 2008_002864
-69916 | 2010_001579
-71613 | 2008_006275
-72726 | 2008_004140
-73000 | 2008_001895
-76162 | 2008_008335
-78025 | 2008_001821
-78068 | 2010_005991
-78349 | 2008_005812
-78540 | 2008_001074
-79226 | 2009_000704
-79255 | 2011_001619
-80394 | 2008_001504
-80638 | 2011_000438
-82468 | 2011_002498
-82738 | 2011_001988
-82763 | 2007_009654
-82943 | 2008_000573
-83074 | 2007_002426
-83520 | 2011_002343
-85081 | 2007_002119
-85485 | 2008_000795
-85665 | 2008_000233
-85799 | 2007_009413
-86384 | 2008_001491
-86975 | 2007_000999
-87039 | 2011_001674
-89088 | 2009_002372
-89419 | 2008_007994
-89426 | 2010_005046
-89600 | 2007_007498
-90629 | 2008_000731
-90844 | 2008_001308
-91426 | 2008_007219
-93280 | 2011_001416
-94484 | 2009_002584
-94665 | 2007_009320
-94721 | 2011_000843
-96264 | 2007_007195
-97692 | 2008_001249
-97737 | 2007_001423
-98432 | 2007_007493
-98564 | 2007_005304
-99866 | 2007_009687
-99949 | 2009_002185
-102576 | 2008_003676
-102884 | 2011_002578
-103793 | 2007_002378
-106224 | 2007_009684
-106999 | 2011_001069
-107258 | 2008_002588
-109796 | 2008_000630
-109973 | 2007_000629
-110661 | 2009_000418
-110858 | 2008_000662
-111282 | 2011_001060
-111439 | 2008_000271
-115985 | 2008_000223
-116373 | 2007_003530
-116423 | 2007_007849
-117170 | 2008_002929
-118273 | 2007_009655
-119562 | 2008_001874
-120088 | 2010_005871
-121090 | 2008_001170
-123886 | 2011_002623
-126890 | 2008_002495
-133011 | 2007_001175
-133970 | 2011_002997
-136192 | 2007_004121
-139217 | 2008_008221
-139962 | 2008_000510
-140234 | 2011_002247
-144694 | 2008_001076
-144877 | 2010_001951
-147735 | 2009_002042
-150602 | 2008_000700
-151451 | 2009_004221
-152513 | 2011_001794
-153976 | 2008_000474
-158360 | 2008_002241
-161154 | 2008_000254
-161257 | 2007_008374
-163167 | 2007_009750
-164789 | 2007_006802
-165654 | 2007_002565
-168751 | 2008_001028
-169362 | 2011_002532
-174021 | 2007_006373
-174719 | 2007_004281
-179906 | 2010_002682
-181546 | 2010_001151
-182797 | 2010_004951
-183814 | 2009_001768
-211432 | 2008_001547
potted-plant
22159 | 2008_008434
-0241 | 2011_000178
-0292 | 2007_008106
-0479 | 2009_003507
-0694 | 2011_001862
-0867 | 2007_009252
-1127 | 2011_002391
-1135 | 2011_002812
-1230 | 2009_005038
-1476 | 2007_000661
-1552 | 2007_003020
-1598 | 2007_009068
-1669 | 2010_003597
-1772 | 2009_002928
-1962 | 2008_006275
-2326 | 2007_004275
-2341 | 2009_002571
-2675 | 2010_004825
-2689 | 2007_001408
-2775 | 2007_007795
-2888 | 2011_003103
-3150 | 2007_004392
-3568 | 2010_002336
-3572 | 2010_001851
-3713 | 2007_004121
-4183 | 2010_001246
-4188 | 2010_000330
-4308 | 2007_003367
-4915 | 2009_000418
-5246 | 2010_001699
-5982 | 2007_001430
-6379 | 2010_005860
-7290 | 2008_001283
-7727 | 2011_000747
-7912 | 2008_001078
-8226 | 2008_003676
-9217 | 2007_004712
-9733 | 2009_002487
-11069 | 2010_003302
-13675 | 2009_002584
-15119 | 2009_000488
-17686 | 2009_001775
-18216 | 2010_002137
-20559 | 2007_009750
-20762 | 2010_003781
-21309 | 2007_008547
-22338 | 2007_002378
-25995 | 2008_001966
-32899 | 2008_005242
-33113 | 2010_000639
-37915 | 2008_002379
-38251 | 2010_005187
-39542 | 2011_001863
-62080 | 2008_005217
-68888 | 2007_002427
-69599 | 2010_004382
-84805 | 2008_000391
-86958 | 2010_001773
-88766 | 2010_004757
-91192 | 2007_007624
-99061 | 2007_003506
-107429 | 2010_003123
-109896 | 2008_005680
-110683 | 2007_002284
-129717 | 2009_001684
-139192 | 2007_004558
-140060 | 2008_002273
-143949 | 2007_005813
-148486 | 2008_003135
-149122 | 2010_005305
-153075 | 2007_009419
-155867 | 2008_004477
-158076 | 2007_005857
-159741 | 2011_003205
-164624 | 2009_001644
-171075 | 2009_003564
-175205 | 2011_001713
-175439 | 2007_007130
-176580 | 2011_001726
-177015 | 2009_002771
-177802 | 2008_001688
-180947 | 2010_000284
-181096 | 2011_001005
-183408 | 2008_003003
-184051 | 2007_001154
sheep
40245 | 2011_002178
20427 | 2007_007534
07035 | 2008_004854
-2284 | 2010_002106
-3317 | 2010_005160
-5443 | 2007_001594
-13891 | 2008_002536
-18053 | 2008_004453
-19831 | 2010_005719
-22153 | 2007_009320
-30847 | 2008_006327
-35502 | 2007_005469
-46865 | 2009_001991
-48686 | 2007_002618
-50122 | 2007_000175
-56595 | 2010_001577
-61429 | 2007_006678
-64802 | 2009_001768
-65387 | 2010_003541
-68873 | 2010_004226
-76760 | 2007_000925
-86428 | 2010_005788
-96174 | 2007_000676
-96728 | 2009_001505
-97674 | 2008_005633
-101159 | 2009_003666
-107452 | 2008_007677
-110123 | 2007_002648
-111716 | 2009_000924
-112255 | 2008_007814
-112344 | 2008_006835
-112730 | 2010_001256
-114262 | 2010_001557
-117988 | 2010_001522
-122211 | 2008_004621
-122729 | 2010_002232
-123878 | 2010_001079
-129412 | 2009_000675
-135508 | 2009_000039
-135569 | 2011_001350
-140854 | 2010_001011
-149702 | 2007_007165
-150691 | 2009_002082
-154086 | 2007_006837
-159439 | 2010_006026
-160194 | 2007_005915
-162178 | 2011_002662
-168734 | 2010_000309
-173389 | 2007_003714
-174193 | 2011_000436
-174969 | 2008_007497
-177501 | 2007_004969
-178962 | 2011_001020
-181791 | 2009_005089
-183343 | 2007_005058
-183679 | 2009_004070
-228653 | 2007_001733
sofa
118366 | 2011_003182
116724 | 2010_001327
74109 | 2011_000070
18410 | 2010_001962
01796 | 2009_003607
-3797 | 2011_001567
-4371 | 2010_003014
-4912 | 2009_004140
-4966 | 2011_003103
-7434 | 2007_009592
-7542 | 2011_001794
-7780 | 2009_003895
-7948 | 2007_009068
-8556 | 2011_002391
-10672 | 2011_002124
-10886 | 2007_007996
-11162 | 2009_001644
-11694 | 2007_009521
-12037 | 2007_000661
-12278 | 2007_002426
-12544 | 2007_003169
-14378 | 2007_006373
-14912 | 2009_000732
-15676 | 2007_000804
-15839 | 2008_003733
-15847 | 2009_002571
-16130 | 2007_006171
-18032 | 2007_003530
-18247 | 2008_002929
-18321 | 2010_004783
-19056 | 2011_001862
-19430 | 2007_001457
-19551 | 2007_002427
-19930 | 2007_001154
-21931 | 2009_001775
-23430 | 2009_000418
-24235 | 2010_005991
-25183 | 2007_009684
-25601 | 2007_008543
-25739 | 2011_002644
-26220 | 2008_000270
-26566 | 2009_004687
-27068 | 2010_001149
-28444 | 2008_000149
-29428 | 2007_001585
-30359 | 2011_001674
-30702 | 2010_003597
-30923 | 2007_000452
-31208 | 2010_000256
-31990 | 2010_001767
-33194 | 2007_003011
-34234 | 2009_000096
-36002 | 2009_002346
-36894 | 2010_005606
-38349 | 2009_000487
-38993 | 2009_004298
-42814 | 2011_001713
-43998 | 2010_004757
-46516 | 2009_003123
-47024 | 2010_002137
-47732 | 2009_003564
-48699 | 2010_000284
-57124 | 2007_002268
-57381 | 2007_001763
-61322 | 2011_003256
-61598 | 2009_004099
-69541 | 2007_009252
-79249 | 2009_002732
-80515 | 2007_009655
-80846 | 2007_007417
-81635 | 2008_000589
-81663 | 2009_000242
-88984 | 2011_001005
-89724 | 2007_001458
-101464 | 2008_004172
-104329 | 2011_000173
-104549 | 2008_003709
-105670 | 2008_008103
-105902 | 2009_004993
-120127 | 2008_004562
-120848 | 2010_002531
-122802 | 2009_002390
-141450 | 2009_001731
-144230 | 2011_001601
-148809 | 2007_008260
-148816 | 2010_005180
-152605 | 2011_000310
-165561 | 2008_006784
-172403 | 2011_002879
-190052 | 2009_000087
train
105577 | 2011_003197
48157 | 2008_006523
34036 | 2007_005689
29802 | 2007_000042
22195 | 2010_000764
16295 | 2007_005626
-4570 | 2007_002728
-5621 | 2007_003848
-8101 | 2009_005148
-10865 | 2010_001734
-12046 | 2008_004367
-16200 | 2007_007195
-17919 | 2007_007881
-19447 | 2010_001151
-22902 | 2007_003499
-25576 | 2011_003146
-25980 | 2009_002568
-26972 | 2007_006680
-28474 | 2011_000283
-30746 | 2009_002291
-31219 | 2011_001060
-31220 | 2010_001951
-32583 | 2007_000629
-35447 | 2007_000123
-38911 | 2010_005871
-40477 | 2009_001333
-41449 | 2009_002887
-42359 | 2009_005220
-43229 | 2009_002638
-44032 | 2007_004281
-44761 | 2008_004610
-46199 | 2007_007168
-50135 | 2010_002682
-50855 | 2011_001614
-52542 | 2009_004255
-52573 | 2007_004483
-53996 | 2007_003587
-56186 | 2010_004149
-64501 | 2008_003105
-64891 | 2011_000521
-65312 | 2008_008221
-67850 | 2007_002565
-68459 | 2009_003311
-72142 | 2008_006055
-77585 | 2008_002900
-82397 | 2007_000636
-82940 | 2009_003433
-86027 | 2008_000657
-89514 | 2009_000712
-89976 | 2009_003105
-90440 | 2007_003957
-91187 | 2009_002202
-92499 | 2011_002247
-92929 | 2007_004649
-93112 | 2007_006802
-93503 | 2009_003299
-94770 | 2008_006553
-95159 | 2009_002982
-95946 | 2009_002265
-99672 | 2011_001281
-102161 | 2008_006752
-108740 | 2008_005544
-110005 | 2010_004980
-116464 | 2009_000845
-116626 | 2009_004799
-117567 | 2010_003514
-133395 | 2010_005727
-135233 | 2009_003938
-144093 | 2011_002535
-144209 | 2010_003956
-145063 | 2008_004212
-146481 | 2010_005706
-147023 | 2009_000628
-150168 | 2011_002379
-151843 | 2010_001104
-151929 | 2010_006054
-155211 | 2009_001300
-156035 | 2007_008339
-159271 | 2009_004730
-162237 | 2011_001082
-165498 | 2011_000291
-165842 | 2009_000022
-181429 | 2010_004951
-182764 | 2010_003708
tv/monitor
65796 | 2009_003523
18004 | 2009_003551
09142 | 2009_002562
-0274 | 2007_007996
-1384 | 2011_002509
-1562 | 2007_007849
-1616 | 2007_008897
-1706 | 2007_001763
-2108 | 2007_009521
-2435 | 2010_005180
-2578 | 2011_000607
-2816 | 2011_002644
-3032 | 2007_001717
-3074 | 2009_003387
-3227 | 2007_002119
-3354 | 2007_001175
-3812 | 2008_005445
-3908 | 2011_001726
-3927 | 2008_007828
-4256 | 2011_002156
-4282 | 2009_000704
-4365 | 2010_000738
-4927 | 2009_001644
-5231 | 2007_006348
-5678 | 2008_002464
-5933 | 2007_001430
-8291 | 2007_008374
-8330 | 2007_007130
-8397 | 2007_004193
-8624 | 2008_007527
-9753 | 2007_004510
-10345 | 2008_003003
-10397 | 2009_002573
-10425 | 2008_005089
-10427 | 2007_003011
-12442 | 2010_005305
-13127 | 2009_000488
-14001 | 2011_002879
-14923 | 2008_001688
-20434 | 2007_001678
-22117 | 2009_000391
-24258 | 2010_002921
-24597 | 2009_004993
-25087 | 2007_007203
-25256 | 2010_001367
-26854 | 2007_007196
-29359 | 2010_004479
-33356 | 2008_000016
-36745 | 2007_008204
-38884 | 2008_005439
-39599 | 2007_000559
-39778 | 2009_003895
-44837 | 2011_002532
-49360 | 2008_005254
-56672 | 2008_002680
-61034 | 2008_003885
-77253 | 2010_001752
-81200 | 2007_009446
-81783 | 2007_000187
-101798 | 2008_004279
-105267 | 2010_000318
-107640 | 2008_004754
-113005 | 2007_004190
-123795 | 2008_003026
-128196 | 2009_002366
-134926 | 2009_002094
-147579 | 2009_000136
-150501 | 2008_006159
-151150 | 2010_004857
-158863 | 2009_003857
-164568 | 2007_002132
-167240 | 2009_001363
-168656 | 2008_004910
-208404 | 2011_001910
